<?xml version="1.0" encoding="utf-8"?><testsuites name="pytest tests"><testsuite name="pytest" errors="0" failures="0" skipped="0" tests="12" time="3.915" timestamp="2026-02-18T14:10:21.014860+00:00" hostname="agent-env-d2f957e6-7582-4e3b-aba4-bcf106d591b9"><testcase classname="backend.tests.test_accounting_voucher_fix.TestAccountingVoucherRouteFix" name="test_get_voucher_types" time="2.126" /><testcase classname="backend.tests.test_accounting_voucher_fix.TestAccountingVoucherRouteFix" name="test_create_payment_voucher" time="0.147" /><testcase classname="backend.tests.test_accounting_voucher_fix.TestAccountingVoucherRouteFix" name="test_create_receipt_voucher" time="0.111" /><testcase classname="backend.tests.test_accounting_voucher_fix.TestAccountingVoucherRouteFix" name="test_list_accounting_vouchers" time="0.138" /><testcase classname="backend.tests.test_accounting_voucher_fix.TestAccountingVoucherRouteFix" name="test_approve_voucher_posts_to_ledgers" time="0.251" /><testcase classname="backend.tests.test_accounting_voucher_fix.TestAccountingVoucherRouteFix" name="test_reject_voucher_with_reason" time="0.256" /><testcase classname="backend.tests.test_accounting_voucher_fix.TestAccountingVoucherRouteFix" name="test_debit_credit_validation" time="0.133" /><testcase classname="backend.tests.test_accounting_voucher_fix.TestAccountingVoucherRouteFix" name="test_get_voucher_stats" time="0.126" /><testcase classname="backend.tests.test_accounting_voucher_fix.TestAccountingBooks" name="test_day_book_shows_approved_vouchers" time="0.110" /><testcase classname="backend.tests.test_accounting_voucher_fix.TestAccountingBooks" name="test_cash_book_shows_cash_transactions" time="0.187" /><testcase classname="backend.tests.test_accounting_voucher_fix.TestAccountingBooks" name="test_trial_balance_reflects_approved_vouchers" time="0.123" /><testcase classname="backend.tests.test_accounting_voucher_fix.TestRouteConflictResolved" name="test_accounting_vouchers_no_longer_conflict" time="0.119" /></testsuite></testsuites>