<?xml version="1.0" encoding="utf-8"?><testsuites name="pytest tests"><testsuite name="pytest" errors="0" failures="0" skipped="0" tests="11" time="6.937" timestamp="2026-02-18T09:08:06.171275+00:00" hostname="agent-env-9e7dfc42-2492-4d41-8766-4708abb77ca6"><testcase classname="backend.tests.test_accounting_ledger.TestAccountingModule" name="test_1_central_ledger_endpoint" time="1.935" /><testcase classname="backend.tests.test_accounting_ledger.TestAccountingModule" name="test_2_debtor_ledger_endpoint" time="0.440" /><testcase classname="backend.tests.test_accounting_ledger.TestAccountingModule" name="test_3_creditor_ledger_endpoint" time="0.430" /><testcase classname="backend.tests.test_accounting_ledger.TestAccountingModule" name="test_4_accounting_summary_endpoint" time="0.430" /><testcase classname="backend.tests.test_accounting_ledger.TestAccountingModule" name="test_5_debtor_transactions_endpoint" time="0.446" /><testcase classname="backend.tests.test_accounting_ledger.TestAccountingModule" name="test_6_creditor_transactions_endpoint" time="0.429" /><testcase classname="backend.tests.test_accounting_ledger.TestAccountingModule" name="test_7_purchase_creates_accounting_entry" time="0.755" /><testcase classname="backend.tests.test_accounting_ledger.TestAccountingModule" name="test_8_central_ledger_with_filters" time="0.467" /><testcase classname="backend.tests.test_accounting_ledger.TestAccountingModule" name="test_9_sales_accounting_integration" time="0.434" /><testcase classname="backend.tests.test_accounting_ledger.TestAccountingReceipts" name="test_1_create_receipt" time="0.541" /><testcase classname="backend.tests.test_accounting_ledger.TestAccountingReceipts" name="test_2_create_payment" time="0.554" /></testsuite></testsuites>