<?xml version="1.0" encoding="utf-8"?><testsuites name="pytest tests"><testsuite name="pytest" errors="0" failures="0" skipped="0" tests="25" time="8.088" timestamp="2026-02-02T13:06:31.803673+00:00" hostname="agent-env-cb21c163-de68-4352-91cb-5c0f958df33c"><testcase classname="backend.tests.test_accounting_reports.TestAccountingReports" name="test_income_statement_basic" time="0.379" /><testcase classname="backend.tests.test_accounting_reports.TestAccountingReports" name="test_income_statement_with_store_filter" time="0.340" /><testcase classname="backend.tests.test_accounting_reports.TestAccountingReports" name="test_income_statement_date_range" time="0.384" /><testcase classname="backend.tests.test_accounting_reports.TestAccountingReports" name="test_balance_sheet_basic" time="0.306" /><testcase classname="backend.tests.test_accounting_reports.TestAccountingReports" name="test_balance_sheet_accounting_equation" time="0.298" /><testcase classname="backend.tests.test_accounting_reports.TestAccountingReports" name="test_balance_sheet_inventory_value" time="0.293" /><testcase classname="backend.tests.test_accounting_reports.TestAccountingReports" name="test_balance_sheet_with_store_filter" time="0.336" /><testcase classname="backend.tests.test_accounting_reports.TestAccountingReports" name="test_cash_flow_basic" time="0.297" /><testcase classname="backend.tests.test_accounting_reports.TestAccountingReports" name="test_cash_flow_net_calculation" time="0.296" /><testcase classname="backend.tests.test_accounting_reports.TestAccountingReports" name="test_cash_flow_with_store_filter" time="0.335" /><testcase classname="backend.tests.test_accounting_reports.TestAccountingReports" name="test_trial_balance_basic" time="0.298" /><testcase classname="backend.tests.test_accounting_reports.TestAccountingReports" name="test_trial_balance_is_balanced" time="0.334" /><testcase classname="backend.tests.test_accounting_reports.TestAccountingReports" name="test_trial_balance_account_structure" time="0.297" /><testcase classname="backend.tests.test_accounting_reports.TestAccountingReports" name="test_trial_balance_with_store_filter" time="0.337" /><testcase classname="backend.tests.test_accounting_reports.TestAccountingReports" name="test_general_ledger_basic" time="0.300" /><testcase classname="backend.tests.test_accounting_reports.TestAccountingReports" name="test_general_ledger_entry_structure" time="0.315" /><testcase classname="backend.tests.test_accounting_reports.TestAccountingReports" name="test_general_ledger_with_account_filter" time="0.338" /><testcase classname="backend.tests.test_accounting_reports.TestAccountingReports" name="test_general_ledger_with_store_filter" time="0.329" /><testcase classname="backend.tests.test_accounting_reports.TestAccountingReports" name="test_chart_of_accounts" time="0.298" /><testcase classname="backend.tests.test_accounting_reports.TestAccountingReportsEdgeCases" name="test_income_statement_no_dates" time="0.301" /><testcase classname="backend.tests.test_accounting_reports.TestAccountingReportsEdgeCases" name="test_balance_sheet_no_date" time="0.300" /><testcase classname="backend.tests.test_accounting_reports.TestAccountingReportsEdgeCases" name="test_cash_flow_no_dates" time="0.294" /><testcase classname="backend.tests.test_accounting_reports.TestAccountingReportsEdgeCases" name="test_trial_balance_no_date" time="0.337" /><testcase classname="backend.tests.test_accounting_reports.TestAccountingReportsEdgeCases" name="test_general_ledger_no_dates" time="0.296" /><testcase classname="backend.tests.test_accounting_reports.TestAccountingReportsEdgeCases" name="test_invalid_store_id" time="0.296" /></testsuite></testsuites>