<?xml version="1.0" encoding="utf-8"?><testsuites name="pytest tests"><testsuite name="pytest" errors="0" failures="3" skipped="4" tests="20" time="4.730" timestamp="2026-02-18T14:00:50.466998+00:00" hostname="agent-env-d2f957e6-7582-4e3b-aba4-bcf106d591b9"><testcase classname="backend.tests.test_accounting_vouchers_books.TestLedgerManagement" name="test_get_ledger_groups" time="2.265" /><testcase classname="backend.tests.test_accounting_vouchers_books.TestLedgerManagement" name="test_get_ledgers_list" time="0.093" /><testcase classname="backend.tests.test_accounting_vouchers_books.TestLedgerManagement" name="test_get_ledger_summary" time="0.163" /><testcase classname="backend.tests.test_accounting_vouchers_books.TestLedgerManagement" name="test_create_ledger_under_group" time="0.166" /><testcase classname="backend.tests.test_accounting_vouchers_books.TestLedgerManagement" name="test_get_ledger_detail" time="0.156" /><testcase classname="backend.tests.test_accounting_vouchers_books.TestVoucherEntrySystem" name="test_get_voucher_types" time="0.082" /><testcase classname="backend.tests.test_accounting_vouchers_books.TestVoucherEntrySystem" name="test_get_voucher_stats" time="0.071" /><testcase classname="backend.tests.test_accounting_vouchers_books.TestVoucherEntrySystem" name="test_create_payment_voucher" time="0.076"><skipped type="pytest.skip" message="Need at least 2 ledgers to create voucher">/app/backend/tests/test_accounting_vouchers_books.py:197: Need at least 2 ledgers to create voucher</skipped></testcase><testcase classname="backend.tests.test_accounting_vouchers_books.TestVoucherEntrySystem" name="test_create_receipt_voucher" time="0.090"><skipped type="pytest.skip" message="Need at least 2 ledgers">/app/backend/tests/test_accounting_vouchers_books.py:252: Need at least 2 ledgers</skipped></testcase><testcase classname="backend.tests.test_accounting_vouchers_books.TestVoucherEntrySystem" name="test_get_pending_vouchers" time="0.087"><failure message="AttributeError: 'list' object has no attribute 'get'">backend/tests/test_accounting_vouchers_books.py:279: in test_get_pending_vouchers
    vouchers = data.get("vouchers", data)
               ^^^^^^^^
E   AttributeError: 'list' object has no attribute 'get'</failure></testcase><testcase classname="backend.tests.test_accounting_vouchers_books.TestVoucherEntrySystem" name="test_approve_voucher" time="0.110"><failure message="AttributeError: 'list' object has no attribute 'get'">backend/tests/test_accounting_vouchers_books.py:289: in test_approve_voucher
    vouchers = pending_res.json().get("vouchers", [])
               ^^^^^^^^^^^^^^^^^^^^^^
E   AttributeError: 'list' object has no attribute 'get'</failure></testcase><testcase classname="backend.tests.test_accounting_vouchers_books.TestVoucherEntrySystem" name="test_reject_voucher_workflow" time="0.118"><skipped type="pytest.skip" message="Need at least 2 ledgers">/app/backend/tests/test_accounting_vouchers_books.py:314: Need at least 2 ledgers</skipped></testcase><testcase classname="backend.tests.test_accounting_vouchers_books.TestVoucherEntrySystem" name="test_voucher_must_balance" time="0.102"><skipped type="pytest.skip" message="Need at least 2 ledgers">/app/backend/tests/test_accounting_vouchers_books.py:355: Need at least 2 ledgers</skipped></testcase><testcase classname="backend.tests.test_accounting_vouchers_books.TestAccountingBooks" name="test_day_book" time="0.080" /><testcase classname="backend.tests.test_accounting_vouchers_books.TestAccountingBooks" name="test_cash_book" time="0.074" /><testcase classname="backend.tests.test_accounting_vouchers_books.TestAccountingBooks" name="test_bank_book" time="0.076" /><testcase classname="backend.tests.test_accounting_vouchers_books.TestAccountingBooks" name="test_trial_balance" time="0.055" /><testcase classname="backend.tests.test_accounting_vouchers_books.TestAccountingBooks" name="test_ledger_wise_report" time="0.137" /><testcase classname="backend.tests.test_accounting_vouchers_books.TestEndToEndAccountingFlow" name="test_complete_accounting_cycle" time="0.358"><failure message="AssertionError: Failed to create voucher: {&quot;detail&quot;:[{&quot;type&quot;:&quot;missing&quot;,&quot;loc&quot;:[&quot;body&quot;,&quot;code&quot;],&quot;msg&quot;:&quot;Field required&quot;,&quot;input&quot;:{&quot;voucher_type&quot;:&quot;payment&quot;,&quot;date&quot;:&quot;2026-02-18&quot;,&quot;narration&quot;:&quot;TEST_E2E Payment for office rent 140054&quot;,&quot;line_items&quot;:[{&quot;ledger_id&quot;:&quot;40351aa4-772c-4537-9d73-887651603e47&quot;,&quot;debit&quot;:1500,&quot;credit&quot;:0},{&quot;ledger_id&quot;:&quot;3dd336bc-756e-4d42-9e20-fbf3908c93e0&quot;,&quot;debit&quot;:0,&quot;credit&quot;:1500}]},&quot;url&quot;:&quot;https://errors.pydantic.dev/2.12/v/missing&quot;},{&quot;type&quot;:&quot;missing&quot;,&quot;loc&quot;:[&quot;body&quot;,&quot;valid_from&quot;],&quot;msg&quot;:&quot;Field required&quot;,&quot;input&quot;:{&quot;voucher_type&quot;:&quot;payment&quot;,&quot;date&quot;:&quot;2026-02-18&quot;,&quot;narration&quot;:&quot;TEST_E2E Payment for office rent 140054&quot;,&quot;line_items&quot;:[{&quot;ledger_id&quot;:&quot;40351aa4-772c-4537-9d73-887651603e47&quot;,&quot;debit&quot;:1500,&quot;credit&quot;:0},{&quot;ledger_id&quot;:&quot;3dd336bc-756e-4d42-9e20-fbf3908c93e0&quot;,&quot;debit&quot;:0,&quot;credit&quot;:1500}]},&quot;url&quot;:&quot;https://errors.pydantic.dev/2.12/v/missing&quot;},{&quot;type&quot;:&quot;missing&quot;,&quot;loc&quot;:[&quot;body&quot;,&quot;valid_until&quot;],&quot;msg&quot;:&quot;Field required&quot;,&quot;input&quot;:{&quot;voucher_type&quot;:&quot;payment&quot;,&quot;date&quot;:&quot;2026-02-18&quot;,&quot;narration&quot;:&quot;TEST_E2E Payment for office rent 140054&quot;,&quot;line_items&quot;:[{&quot;ledger_id&quot;:&quot;40351aa4-772c-4537-9d73-887651603e47&quot;,&quot;debit&quot;:1500,&quot;credit&quot;:0},{&quot;ledger_id&quot;:&quot;3dd336bc-756e-4d42-9e20-fbf3908c93e0&quot;,&quot;debit&quot;:0,&quot;credit&quot;:1500}]},&quot;url&quot;:&quot;https://errors.pydantic.dev/2.12/v/missing&quot;}]}&#10;assert 422 in [200, 201]&#10; +  where 422 = &lt;Response [422]&gt;.status_code">backend/tests/test_accounting_vouchers_books.py:535: in test_complete_accounting_cycle
    assert voucher_res.status_code in [200, 201], f"Failed to create voucher: {voucher_res.text}"
E   AssertionError: Failed to create voucher: {"detail":[{"type":"missing","loc":["body","code"],"msg":"Field required","input":{"voucher_type":"payment","date":"2026-02-18","narration":"TEST_E2E Payment for office rent 140054","line_items":[{"ledger_id":"40351aa4-772c-4537-9d73-887651603e47","debit":1500,"credit":0},{"ledger_id":"3dd336bc-756e-4d42-9e20-fbf3908c93e0","debit":0,"credit":1500}]},"url":"https://errors.pydantic.dev/2.12/v/missing"},{"type":"missing","loc":["body","valid_from"],"msg":"Field required","input":{"voucher_type":"payment","date":"2026-02-18","narration":"TEST_E2E Payment for office rent 140054","line_items":[{"ledger_id":"40351aa4-772c-4537-9d73-887651603e47","debit":1500,"credit":0},{"ledger_id":"3dd336bc-756e-4d42-9e20-fbf3908c93e0","debit":0,"credit":1500}]},"url":"https://errors.pydantic.dev/2.12/v/missing"},{"type":"missing","loc":["body","valid_until"],"msg":"Field required","input":{"voucher_type":"payment","date":"2026-02-18","narration":"TEST_E2E Payment for office rent 140054","line_items":[{"ledger_id":"40351aa4-772c-4537-9d73-887651603e47","debit":1500,"credit":0},{"ledger_id":"3dd336bc-756e-4d42-9e20-fbf3908c93e0","debit":0,"credit":1500}]},"url":"https://errors.pydantic.dev/2.12/v/missing"}]}
E   assert 422 in [200, 201]
E    +  where 422 = &lt;Response [422]&gt;.status_code</failure></testcase><testcase classname="backend.tests.test_accounting_vouchers_books.TestCleanup" name="test_cleanup_test_ledgers" time="0.249" /></testsuite></testsuites>