<?xml version="1.0" encoding="utf-8"?><testsuites name="pytest tests"><testsuite name="pytest" errors="0" failures="0" skipped="0" tests="13" time="65.446" timestamp="2026-02-09T14:17:36.295458+00:00" hostname="agent-env-f9259d47-37fd-4703-a283-8f60d81657b7"><testcase classname="tests.test_ai_dashboard_apis.TestAgentAvailability" name="test_get_available_agents" time="0.372" /><testcase classname="tests.test_ai_dashboard_apis.TestAgentChat" name="test_assistant_agent_process" time="8.216" /><testcase classname="tests.test_ai_dashboard_apis.TestAgentChat" name="test_business_agent_process" time="6.264" /><testcase classname="tests.test_ai_dashboard_apis.TestAgentChat" name="test_operations_agent_process" time="3.790" /><testcase classname="tests.test_ai_dashboard_apis.TestAgentChat" name="test_analytics_agent_process" time="6.398" /><testcase classname="tests.test_ai_dashboard_apis.TestAgentCollaboration" name="test_agent_collaborate" time="16.141" /><testcase classname="tests.test_ai_dashboard_apis.TestAgentCollaboration" name="test_get_collaboration_history" time="0.081" /><testcase classname="tests.test_ai_dashboard_apis.TestAgentMemory" name="test_get_assistant_memory" time="0.044" /><testcase classname="tests.test_ai_dashboard_apis.TestAgentMemory" name="test_get_business_memory" time="0.044" /><testcase classname="tests.test_ai_dashboard_apis.TestAutoHeal" name="test_get_autoheal_reports" time="0.042" /><testcase classname="tests.test_ai_dashboard_apis.TestAutoHeal" name="test_get_autoheal_stats" time="0.048" /><testcase classname="tests.test_ai_dashboard_apis.TestDashboardIntegration" name="test_full_chat_flow" time="5.017" /><testcase classname="tests.test_ai_dashboard_apis.TestDashboardIntegration" name="test_agent_selection_and_chat" time="18.907" /></testsuite></testsuites>