<?xml version="1.0" encoding="utf-8"?><testsuites name="pytest tests"><testsuite name="pytest" errors="0" failures="0" skipped="1" tests="18" time="8.891" timestamp="2026-02-08T03:15:05.279592+00:00" hostname="agent-env-9d4a3b61-cc00-4cda-ba94-eb18e2698a22"><testcase classname="tests.test_ai_dev_system.TestAIDevTemplates" name="test_get_templates_success" time="0.352" /><testcase classname="tests.test_ai_dev_system.TestAIDevTemplates" name="test_templates_count_is_6" time="0.041" /><testcase classname="tests.test_ai_dev_system.TestAIDevTemplates" name="test_templates_have_required_fields" time="0.040" /><testcase classname="tests.test_ai_dev_system.TestAIDevTemplates" name="test_templates_types_correct" time="0.039" /><testcase classname="tests.test_ai_dev_system.TestAIDevModulesList" name="test_list_modules_success" time="0.042" /><testcase classname="tests.test_ai_dev_system.TestAIDevModulesList" name="test_existing_module_in_list" time="0.041" /><testcase classname="tests.test_ai_dev_system.TestAIDevModulesList" name="test_module_has_required_fields" time="0.040" /><testcase classname="tests.test_ai_dev_system.TestAIDevModuleDetails" name="test_get_module_by_id" time="0.043" /><testcase classname="tests.test_ai_dev_system.TestAIDevModuleDetails" name="test_module_has_files" time="0.042" /><testcase classname="tests.test_ai_dev_system.TestAIDevModuleDetails" name="test_module_has_api_endpoints" time="0.040" /><testcase classname="tests.test_ai_dev_system.TestAIDevModuleDetails" name="test_nonexistent_module_returns_404" time="0.041" /><testcase classname="tests.test_ai_dev_system.TestAIDevSandbox" name="test_create_sandbox" time="0.086" /><testcase classname="tests.test_ai_dev_system.TestAIDevSandbox" name="test_run_sandbox_tests" time="0.078" /><testcase classname="tests.test_ai_dev_system.TestAIDevSandbox" name="test_sandbox_tests_results_structure" time="0.079" /><testcase classname="tests.test_ai_dev_system.TestAIDevAuth" name="test_templates_requires_auth" time="0.037" /><testcase classname="tests.test_ai_dev_system.TestAIDevAuth" name="test_modules_requires_auth" time="0.038" /><testcase classname="tests.test_ai_dev_system.TestAIDevAuth" name="test_generate_requires_superadmin" time="7.739" /><testcase classname="tests.test_ai_dev_system.TestAIDevModuleGeneration" name="test_generate_simple_module" time="0.000"><skipped type="pytest.skip" message="Module generation uses real LLM API and takes 30-60 seconds">/app/backend/tests/test_ai_dev_system.py:294: Module generation uses real LLM API and takes 30-60 seconds</skipped></testcase></testsuite></testsuites>