<?xml version="1.0" encoding="utf-8"?><testsuites name="pytest tests"><testsuite name="pytest" errors="0" failures="1" skipped="0" tests="10" time="28.824" timestamp="2026-02-10T08:44:53.235200+00:00" hostname="agent-env-3d95783e-f7af-45a5-bf89-d813e7e0e753"><testcase classname="tests.test_ai_invoice_scanner.TestAIInvoiceScanner" name="test_scan_invoice_with_pdf" time="8.940"><failure message="AssertionError: Scan failed after 2 attempts: None&#10;assert False">tests/test_ai_invoice_scanner.py:89: in test_scan_invoice_with_pdf
    assert False, f"Scan failed after {max_retries} attempts: {last_response.text if last_response else last_error}"
E   AssertionError: Scan failed after 2 attempts: None
E   assert False</failure></testcase><testcase classname="tests.test_ai_invoice_scanner.TestAIInvoiceScanner" name="test_scan_invoice_with_png" time="5.138" /><testcase classname="tests.test_ai_invoice_scanner.TestAIInvoiceScanner" name="test_scan_invoice_unsupported_file_type" time="0.326" /><testcase classname="tests.test_ai_invoice_scanner.TestAIInvoiceScanner" name="test_scan_invoice_requires_auth" time="0.040" /><testcase classname="tests.test_ai_invoice_scanner.TestPurchaseInvoicesPage" name="test_get_purchase_invoices" time="0.343" /><testcase classname="tests.test_ai_invoice_scanner.TestPurchaseInvoicesPage" name="test_get_suppliers" time="0.301" /><testcase classname="tests.test_ai_invoice_scanner.TestPurchaseInvoicesPage" name="test_get_stores" time="0.298" /><testcase classname="tests.test_ai_invoice_scanner.TestPurchaseInvoicesPage" name="test_get_items" time="0.300" /><testcase classname="tests.test_ai_invoice_scanner.TestPurchaseInvoicesPage" name="test_get_variants" time="0.299" /><testcase classname="tests.test_ai_invoice_scanner.TestPurchaseInvoicesPage" name="test_create_item" time="12.708" /></testsuite></testsuites>