<?xml version="1.0" encoding="utf-8"?><testsuites name="pytest tests"><testsuite name="pytest" errors="0" failures="0" skipped="0" tests="21" time="46.377" timestamp="2026-02-08T02:55:28.581399+00:00" hostname="agent-env-9d4a3b61-cc00-4cda-ba94-eb18e2698a22"><testcase classname="backend.tests.test_ai_agent_orchestration.TestAIAgentOrchestration" name="test_ai_agent_status_endpoint_returns_200" time="0.563" /><testcase classname="backend.tests.test_ai_agent_orchestration.TestAIAgentOrchestration" name="test_ai_agent_status_returns_agents" time="0.281" /><testcase classname="backend.tests.test_ai_agent_orchestration.TestAIAgentOrchestration" name="test_ai_agent_status_has_4_agents" time="0.278" /><testcase classname="backend.tests.test_ai_agent_orchestration.TestAIAgentOrchestration" name="test_ai_agent_status_agent_has_required_fields" time="0.282" /><testcase classname="backend.tests.test_ai_agent_orchestration.TestAIAgentOrchestration" name="test_ai_agent_status_agent_types" time="0.277" /><testcase classname="backend.tests.test_ai_agent_orchestration.TestAIAgentOrchestration" name="test_ai_agent_status_returns_total_agents" time="0.284" /><testcase classname="backend.tests.test_ai_agent_orchestration.TestAIAgentOrchestration" name="test_ai_agent_chat_endpoint_returns_200" time="2.366" /><testcase classname="backend.tests.test_ai_agent_orchestration.TestAIAgentOrchestration" name="test_ai_agent_chat_returns_response" time="2.179" /><testcase classname="backend.tests.test_ai_agent_orchestration.TestAIAgentOrchestration" name="test_ai_agent_chat_returns_session_id" time="1.597" /><testcase classname="backend.tests.test_ai_agent_orchestration.TestAIAgentOrchestration" name="test_ai_agent_chat_returns_agent_info" time="4.160" /><testcase classname="backend.tests.test_ai_agent_orchestration.TestAIAgentOrchestration" name="test_ai_agent_chat_system_health_query" time="3.959" /><testcase classname="backend.tests.test_ai_agent_orchestration.TestAIAgentOrchestration" name="test_ai_agent_chat_sales_query" time="4.258" /><testcase classname="backend.tests.test_ai_agent_orchestration.TestAIAgentOrchestration" name="test_ai_agent_chat_with_existing_session" time="4.012" /><testcase classname="backend.tests.test_ai_agent_orchestration.TestAIAgentOrchestration" name="test_ai_agent_sessions_list_endpoint" time="0.278" /><testcase classname="backend.tests.test_ai_agent_orchestration.TestAIAgentOrchestration" name="test_ai_agent_session_has_required_fields" time="5.084" /><testcase classname="backend.tests.test_ai_agent_orchestration.TestAIAgentOrchestration" name="test_ai_agent_history_endpoint" time="2.925" /><testcase classname="backend.tests.test_ai_agent_orchestration.TestAIAgentOrchestration" name="test_ai_agent_history_contains_messages" time="3.820" /><testcase classname="backend.tests.test_ai_agent_orchestration.TestAIAgentOrchestration" name="test_ai_agent_delete_session" time="2.839" /><testcase classname="backend.tests.test_ai_agent_orchestration.TestAIAgentOrchestration" name="test_ai_agent_delete_session_verifies_removal" time="6.220" /><testcase classname="backend.tests.test_ai_agent_orchestration.TestAIAgentOrchestration" name="test_ai_agent_chat_requires_superadmin" time="0.328" /><testcase classname="backend.tests.test_ai_agent_orchestration.TestAIAgentOrchestration" name="test_ai_agent_status_requires_superadmin" time="0.306" /></testsuite></testsuites>