<?xml version="1.0" encoding="utf-8"?><testsuites name="pytest tests"><testsuite name="pytest" errors="0" failures="0" skipped="0" tests="15" time="2.330" timestamp="2026-02-01T15:04:37.788204+00:00" hostname="agent-env-8bf96590-5276-41e5-8d88-c3aaab4eba3b"><testcase classname="tests.test_analytics_features.TestAuth" name="test_login_success" time="0.304" /><testcase classname="tests.test_analytics_features.TestAuth" name="test_login_invalid_credentials" time="0.038" /><testcase classname="tests.test_analytics_features.TestAnalyticsDashboard" name="test_analytics_dashboard_7d" time="0.309" /><testcase classname="tests.test_analytics_features.TestAnalyticsDashboard" name="test_analytics_dashboard_30d" time="0.036" /><testcase classname="tests.test_analytics_features.TestAnalyticsDashboard" name="test_analytics_dashboard_90d" time="0.042" /><testcase classname="tests.test_analytics_features.TestAnalyticsDashboard" name="test_analytics_dashboard_1y" time="0.053" /><testcase classname="tests.test_analytics_features.TestAnalyticsDashboard" name="test_analytics_dashboard_summary" time="0.042" /><testcase classname="tests.test_analytics_features.TestAnalyticsDashboard" name="test_analytics_unauthorized" time="0.037" /><testcase classname="tests.test_analytics_features.TestOnlineUsers" name="test_get_online_users" time="0.301" /><testcase classname="tests.test_analytics_features.TestSecurityAlerts" name="test_get_security_alerts" time="0.304" /><testcase classname="tests.test_analytics_features.TestSecurityAlerts" name="test_get_unacknowledged_alerts" time="0.045" /><testcase classname="tests.test_analytics_features.TestDashboardStats" name="test_dashboard_stats" time="0.305" /><testcase classname="tests.test_analytics_features.TestDashboardStats" name="test_recent_sales" time="0.037" /><testcase classname="tests.test_analytics_features.TestDashboardStats" name="test_low_stock_items" time="0.038" /><testcase classname="tests.test_analytics_features.TestHeartbeat" name="test_heartbeat" time="0.309" /></testsuite></testsuites>