<?xml version="1.0" encoding="utf-8"?><testsuites name="pytest tests"><testsuite name="pytest" errors="0" failures="0" skipped="0" tests="14" time="0.629" timestamp="2026-02-08T00:38:49.702414+00:00" hostname="agent-env-b88d7ce4-9c9c-41fa-ace2-2590ca2e300b"><testcase classname="backend.tests.test_auto_apply_discounts.TestDiscountCalculationAPI" name="test_basic_discount_calculation" time="0.359" /><testcase classname="backend.tests.test_auto_apply_discounts.TestDiscountCalculationAPI" name="test_tiered_discount_at_5000_threshold" time="0.014" /><testcase classname="backend.tests.test_auto_apply_discounts.TestDiscountCalculationAPI" name="test_tiered_discount_below_threshold" time="0.012" /><testcase classname="backend.tests.test_auto_apply_discounts.TestDiscountCalculationAPI" name="test_bogo_discount_calculation" time="0.015" /><testcase classname="backend.tests.test_auto_apply_discounts.TestDiscountCalculationAPI" name="test_channel_filtering_pos" time="0.013" /><testcase classname="backend.tests.test_auto_apply_discounts.TestDiscountCalculationAPI" name="test_channel_filtering_online" time="0.015" /><testcase classname="backend.tests.test_auto_apply_discounts.TestDiscountCalculationAPI" name="test_store_id_filtering" time="0.053" /><testcase classname="backend.tests.test_auto_apply_discounts.TestDiscountCalculationAPI" name="test_empty_cart" time="0.013" /><testcase classname="backend.tests.test_auto_apply_discounts.TestDiscountCalculationAPI" name="test_final_total_calculation" time="0.013" /><testcase classname="backend.tests.test_auto_apply_discounts.TestDiscountTypesExists" name="test_item_discounts_list" time="0.010" /><testcase classname="backend.tests.test_auto_apply_discounts.TestDiscountTypesExists" name="test_bogo_offers_list" time="0.011" /><testcase classname="backend.tests.test_auto_apply_discounts.TestDiscountTypesExists" name="test_tiered_discounts_list" time="0.010" /><testcase classname="backend.tests.test_auto_apply_discounts.TestAutoApplyFunctionality" name="test_auto_applied_flag_in_response" time="0.011" /><testcase classname="backend.tests.test_auto_apply_discounts.TestAutoApplyFunctionality" name="test_discount_breakdown_structure" time="0.012" /></testsuite></testsuites>