<?xml version="1.0" encoding="utf-8"?><testsuites name="pytest tests"><testsuite name="pytest" errors="0" failures="0" skipped="0" tests="16" time="15.814" timestamp="2026-02-09T15:40:52.762782+00:00" hostname="agent-env-f9259d47-37fd-4703-a283-8f60d81657b7"><testcase classname="tests.test_autonomous_healer.TestAutonomousHealerStatus" name="test_status_endpoint" time="0.373" /><testcase classname="tests.test_autonomous_healer.TestAutonomousHealerFixes" name="test_fix_database_error" time="0.393" /><testcase classname="tests.test_autonomous_healer.TestAutonomousHealerFixes" name="test_fix_memory_error" time="0.018" /><testcase classname="tests.test_autonomous_healer.TestAutonomousHealerFixes" name="test_fix_network_error" time="0.081" /><testcase classname="tests.test_autonomous_healer.TestAutonomousHealerFixes" name="test_fix_dependency_error" time="3.013" /><testcase classname="tests.test_autonomous_healer.TestAutonomousHealerFixes" name="test_fix_permission_error" time="0.375" /><testcase classname="tests.test_autonomous_healer.TestAutonomousHealerFixes" name="test_fix_unknown_error_type" time="4.262" /><testcase classname="tests.test_autonomous_healer.TestAutonomousHealerScan" name="test_security_scan" time="0.316" /><testcase classname="tests.test_autonomous_healer.TestAutonomousHealerHealth" name="test_system_health" time="1.191" /><testcase classname="tests.test_autonomous_healer.TestAutonomousHealerIntegrity" name="test_file_integrity" time="0.017" /><testcase classname="tests.test_autonomous_healer.TestAutonomousHealerSuccessRate" name="test_success_rate_after_multiple_fixes" time="0.917" /><testcase classname="tests.test_autonomous_healer.TestAutonomousHealerAuth" name="test_status_requires_auth" time="4.566" /><testcase classname="tests.test_autonomous_healer.TestAutonomousHealerAuth" name="test_fix_requires_auth" time="0.045" /><testcase classname="tests.test_autonomous_healer.TestAutonomousHealerAuth" name="test_scan_requires_auth" time="0.037" /><testcase classname="tests.test_autonomous_healer.TestAutonomousHealerAuth" name="test_health_requires_auth" time="0.079" /><testcase classname="tests.test_autonomous_healer.TestAutonomousHealerAuth" name="test_integrity_requires_auth" time="0.041" /></testsuite></testsuites>