<?xml version="1.0" encoding="utf-8"?><testsuites name="pytest tests"><testsuite name="pytest" errors="0" failures="0" skipped="1" tests="25" time="216.829" timestamp="2026-02-05T21:05:20.027518+00:00" hostname="agent-env-ef4ebbeb-fb19-4b5e-b295-2294c0c676e7"><testcase classname="backend.tests.test_auto_poster_system.TestAutoPosterSystem" name="test_add_festival" time="0.331" /><testcase classname="backend.tests.test_auto_poster_system.TestAutoPosterSystem" name="test_get_festivals" time="0.271" /><testcase classname="backend.tests.test_auto_poster_system.TestAutoPosterSystem" name="test_get_festivals_with_upcoming_filter" time="0.313" /><testcase classname="backend.tests.test_auto_poster_system.TestAutoPosterSystem" name="test_generate_poster_basic" time="26.449" /><testcase classname="backend.tests.test_auto_poster_system.TestAutoPosterSystem" name="test_generate_poster_sale_campaign" time="50.845" /><testcase classname="backend.tests.test_auto_poster_system.TestAutoPosterSystem" name="test_generate_poster_validation_no_title" time="27.336" /><testcase classname="backend.tests.test_auto_poster_system.TestAutoPosterSystem" name="test_get_posters" time="0.289" /><testcase classname="backend.tests.test_auto_poster_system.TestAutoPosterSystem" name="test_get_posters_with_campaign_filter" time="0.271" /><testcase classname="backend.tests.test_auto_poster_system.TestAutoPosterSystem" name="test_get_poster_by_id" time="0.884" /><testcase classname="backend.tests.test_auto_poster_system.TestAutoPosterSystem" name="test_get_poster_not_found" time="0.271" /><testcase classname="backend.tests.test_auto_poster_system.TestAutoPosterSystem" name="test_get_poster_image" time="0.270"><skipped type="pytest.skip" message="Poster has no formats">/app/backend/tests/test_auto_poster_system.py:273: Poster has no formats</skipped></testcase><testcase classname="backend.tests.test_auto_poster_system.TestAutoPosterSystem" name="test_connect_social_account_facebook" time="0.326" /><testcase classname="backend.tests.test_auto_poster_system.TestAutoPosterSystem" name="test_connect_social_account_instagram" time="0.282" /><testcase classname="backend.tests.test_auto_poster_system.TestAutoPosterSystem" name="test_connect_social_account_whatsapp" time="0.325" /><testcase classname="backend.tests.test_auto_poster_system.TestAutoPosterSystem" name="test_get_connected_accounts" time="0.309" /><testcase classname="backend.tests.test_auto_poster_system.TestAutoPosterSystem" name="test_disconnect_social_account" time="0.277" /><testcase classname="backend.tests.test_auto_poster_system.TestAutoPosterSystem" name="test_schedule_post" time="26.513" /><testcase classname="backend.tests.test_auto_poster_system.TestAutoPosterSystem" name="test_schedule_post_no_account" time="25.774" /><testcase classname="backend.tests.test_auto_poster_system.TestAutoPosterSystem" name="test_get_scheduled_posts" time="0.313" /><testcase classname="backend.tests.test_auto_poster_system.TestAutoPosterSystem" name="test_get_scheduled_posts_with_status_filter" time="0.310" /><testcase classname="backend.tests.test_auto_poster_system.TestAutoPosterSystem" name="test_publish_poster_now" time="23.941" /><testcase classname="backend.tests.test_auto_poster_system.TestAutoPosterSystem" name="test_publish_poster_not_found" time="0.301" /><testcase classname="backend.tests.test_auto_poster_system.TestAutoPosterSystem" name="test_get_poster_analytics" time="0.274" /><testcase classname="backend.tests.test_auto_poster_system.TestAutoPosterPermissions" name="test_superadmin_can_generate_poster" time="29.973" /><testcase classname="backend.tests.test_auto_poster_system.TestAutoPosterPermissions" name="test_superadmin_can_connect_accounts" time="0.320" /></testsuite></testsuites>