<?xml version="1.0" encoding="utf-8"?><testsuites name="pytest tests"><testsuite name="pytest" errors="0" failures="0" skipped="0" tests="17" time="10.208" timestamp="2026-02-05T16:43:30.013420+00:00" hostname="agent-env-67e3dd5d-19cd-418c-8c61-037ec9731dd0"><testcase classname="backend.tests.test_backup_codes_god_mode.TestBackupCodesGeneration" name="test_generate_backup_codes_success" time="2.540" /><testcase classname="backend.tests.test_backup_codes_god_mode.TestBackupCodesGeneration" name="test_generate_backup_codes_requires_superadmin" time="0.299" /><testcase classname="backend.tests.test_backup_codes_god_mode.TestBackupCodesGeneration" name="test_generate_backup_codes_no_auth" time="0.038" /><testcase classname="backend.tests.test_backup_codes_god_mode.TestBackupCodesStatus" name="test_get_backup_codes_status" time="2.325" /><testcase classname="backend.tests.test_backup_codes_god_mode.TestRecoverWithBackupCode" name="test_recover_with_invalid_code" time="2.253" /><testcase classname="backend.tests.test_backup_codes_god_mode.TestRecoverWithBackupCode" name="test_recover_with_invalid_email" time="0.036" /><testcase classname="backend.tests.test_backup_codes_god_mode.TestRecoverWithBackupCode" name="test_recover_non_superadmin_rejected" time="0.037" /><testcase classname="backend.tests.test_backup_codes_god_mode.TestGodModeResetPassword" name="test_reset_password_success" time="0.796" /><testcase classname="backend.tests.test_backup_codes_god_mode.TestGodModeResetPassword" name="test_reset_password_short_password" time="0.039" /><testcase classname="backend.tests.test_backup_codes_god_mode.TestGodModeResetPassword" name="test_reset_password_nonexistent_user" time="0.044" /><testcase classname="backend.tests.test_backup_codes_god_mode.TestGodModeForceLogout" name="test_force_logout_user" time="0.040" /><testcase classname="backend.tests.test_backup_codes_god_mode.TestGodModeForceLogout" name="test_force_logout_requires_target" time="0.036" /><testcase classname="backend.tests.test_backup_codes_god_mode.TestGodModeFreezeTenant" name="test_freeze_tenant_nonexistent" time="0.040" /><testcase classname="backend.tests.test_backup_codes_god_mode.TestGodModeFreezeTenant" name="test_unfreeze_tenant_nonexistent" time="0.035" /><testcase classname="backend.tests.test_backup_codes_god_mode.TestGodModeFreezeTenant" name="test_freeze_requires_superadmin" time="0.039" /><testcase classname="backend.tests.test_backup_codes_god_mode.TestFrozenUserLogin" name="test_frozen_user_cannot_login" time="1.501" /><testcase classname="backend.tests.test_backup_codes_god_mode.TestEnhancedRoles" name="test_viewer_role_permissions" time="0.033" /></testsuite></testsuites>