<?xml version="1.0" encoding="utf-8"?><testsuites name="pytest tests"><testsuite name="pytest" errors="0" failures="0" skipped="0" tests="20" time="16.427" timestamp="2026-02-06T00:37:30.567132+00:00" hostname="agent-env-f335f4b2-124f-42b9-9ed6-cc8eb05e31b1"><testcase classname="backend.tests.test_backup_codes_all_users_god_mode.TestUserBackupCodesGeneration" name="test_viewer_can_generate_backup_codes" time="2.590" /><testcase classname="backend.tests.test_backup_codes_all_users_god_mode.TestUserBackupCodesGeneration" name="test_staff_can_generate_backup_codes" time="2.527" /><testcase classname="backend.tests.test_backup_codes_all_users_god_mode.TestUserBackupCodesGeneration" name="test_unauthenticated_cannot_generate_codes" time="0.053" /><testcase classname="backend.tests.test_backup_codes_all_users_god_mode.TestUserBackupCodesStatus" name="test_viewer_can_check_backup_codes_status" time="2.299" /><testcase classname="backend.tests.test_backup_codes_all_users_god_mode.TestUserBackupCodesStatus" name="test_staff_can_check_backup_codes_status" time="0.039" /><testcase classname="backend.tests.test_backup_codes_all_users_god_mode.TestBackupCodeRecoveryAllUsers" name="test_viewer_can_recover_with_backup_code" time="2.530" /><testcase classname="backend.tests.test_backup_codes_all_users_god_mode.TestBackupCodeRecoveryAllUsers" name="test_staff_can_recover_with_backup_code" time="2.554" /><testcase classname="backend.tests.test_backup_codes_all_users_god_mode.TestGodModeImpersonate" name="test_impersonate_user_success" time="0.662" /><testcase classname="backend.tests.test_backup_codes_all_users_god_mode.TestGodModeImpersonate" name="test_impersonate_nonexistent_user" time="0.084" /><testcase classname="backend.tests.test_backup_codes_all_users_god_mode.TestGodModeImpersonate" name="test_impersonate_requires_superadmin" time="0.307" /><testcase classname="backend.tests.test_backup_codes_all_users_god_mode.TestGodModeChangeRole" name="test_change_role_success" time="0.082" /><testcase classname="backend.tests.test_backup_codes_all_users_god_mode.TestGodModeChangeRole" name="test_change_role_invalid_role" time="0.039" /><testcase classname="backend.tests.test_backup_codes_all_users_god_mode.TestGodModeChangeRole" name="test_change_role_nonexistent_user" time="0.043" /><testcase classname="backend.tests.test_backup_codes_all_users_god_mode.TestGodModeGenerateBackupCodes" name="test_generate_backup_codes_for_user" time="2.273" /><testcase classname="backend.tests.test_backup_codes_all_users_god_mode.TestGodModeGenerateBackupCodes" name="test_generate_backup_codes_nonexistent_user" time="0.043" /><testcase classname="backend.tests.test_backup_codes_all_users_god_mode.TestGodModeDeleteTenantData" name="test_delete_tenant_data_requires_confirm" time="0.039" /><testcase classname="backend.tests.test_backup_codes_all_users_god_mode.TestGodModeDeleteTenantData" name="test_delete_superadmin_tenant_blocked" time="0.043" /><testcase classname="backend.tests.test_backup_codes_all_users_god_mode.TestGodModeDeleteTenantData" name="test_delete_nonexistent_tenant" time="0.049" /><testcase classname="backend.tests.test_backup_codes_all_users_god_mode.TestGodModeSystemHealth" name="test_system_health_returns_stats" time="0.045" /><testcase classname="backend.tests.test_backup_codes_all_users_god_mode.TestGodModeSystemHealth" name="test_system_health_requires_superadmin" time="0.040" /></testsuite></testsuites>