<?xml version="1.0" encoding="utf-8"?><testsuites name="pytest tests"><testsuite name="pytest" errors="0" failures="0" skipped="0" tests="18" time="6.418" timestamp="2026-02-06T00:21:32.861712+00:00" hostname="agent-env-f335f4b2-124f-42b9-9ed6-cc8eb05e31b1"><testcase classname="backend.tests.test_backup_codes_rbac.TestBackupCodeRecovery" name="test_backup_code_endpoint_exists" time="0.058" /><testcase classname="backend.tests.test_backup_codes_rbac.TestBackupCodeRecovery" name="test_backup_code_invalid_email" time="0.042" /><testcase classname="backend.tests.test_backup_codes_rbac.TestBackupCodeRecovery" name="test_backup_code_invalid_code" time="2.253" /><testcase classname="backend.tests.test_backup_codes_rbac.TestBackupCodeRecovery" name="test_backup_code_non_superadmin" time="0.048" /><testcase classname="backend.tests.test_backup_codes_rbac.TestViewerRoleRBAC" name="test_viewer_login_success" time="0.262" /><testcase classname="backend.tests.test_backup_codes_rbac.TestViewerRoleRBAC" name="test_viewer_has_read_only_permission" time="0.261" /><testcase classname="backend.tests.test_backup_codes_rbac.TestViewerRoleRBAC" name="test_viewer_can_read_items" time="0.302" /><testcase classname="backend.tests.test_backup_codes_rbac.TestViewerRoleRBAC" name="test_viewer_can_read_customers" time="0.305" /><testcase classname="backend.tests.test_backup_codes_rbac.TestStaffRoleRBAC" name="test_staff_login_success" time="0.261" /><testcase classname="backend.tests.test_backup_codes_rbac.TestStaffRoleRBAC" name="test_staff_can_read_items" time="0.302" /><testcase classname="backend.tests.test_backup_codes_rbac.TestStaffRoleRBAC" name="test_staff_can_read_customers" time="0.301" /><testcase classname="backend.tests.test_backup_codes_rbac.TestStaffRoleRBAC" name="test_staff_has_items_permission" time="0.291" /><testcase classname="backend.tests.test_backup_codes_rbac.TestStaffRoleRBAC" name="test_staff_has_invoices_permission" time="0.263" /><testcase classname="backend.tests.test_backup_codes_rbac.TestRoleBadgeColors" name="test_superadmin_role_config" time="0.264" /><testcase classname="backend.tests.test_backup_codes_rbac.TestRoleBadgeColors" name="test_viewer_role_config" time="0.281" /><testcase classname="backend.tests.test_backup_codes_rbac.TestRoleBadgeColors" name="test_staff_role_config" time="0.261" /><testcase classname="backend.tests.test_backup_codes_rbac.TestDefaultRolePermissions" name="test_permission_modules_endpoint" time="0.305" /><testcase classname="backend.tests.test_backup_codes_rbac.TestDefaultRolePermissions" name="test_viewer_default_permissions_read_only" time="0.300" /></testsuite></testsuites>