<?xml version="1.0" encoding="utf-8"?><testsuites name="pytest tests"><testsuite name="pytest" errors="0" failures="0" skipped="0" tests="18" time="3.701" timestamp="2026-02-09T19:29:22.743397+00:00" hostname="agent-env-26be6d4b-9609-4ca7-bdd3-bc3c755ab16d"><testcase classname="tests.test_barcode_expenditure.TestAuth" name="test_login_success" time="1.048" /><testcase classname="tests.test_barcode_expenditure.TestExpenseCategories" name="test_get_expense_categories" time="0.316" /><testcase classname="tests.test_barcode_expenditure.TestExpenseCRUD" name="test_create_expense" time="0.360" /><testcase classname="tests.test_barcode_expenditure.TestExpenseCRUD" name="test_list_expenses" time="0.124" /><testcase classname="tests.test_barcode_expenditure.TestExpenseCRUD" name="test_get_expense_by_id" time="0.039" /><testcase classname="tests.test_barcode_expenditure.TestExpenseCRUD" name="test_update_expense" time="0.042" /><testcase classname="tests.test_barcode_expenditure.TestExpenseCRUD" name="test_delete_expense" time="0.125" /><testcase classname="tests.test_barcode_expenditure.TestExpenseCRUD" name="test_filter_by_category" time="0.050" /><testcase classname="tests.test_barcode_expenditure.TestExpenseCRUD" name="test_filter_by_expense_type" time="0.090" /><testcase classname="tests.test_barcode_expenditure.TestExpenseSummary" name="test_get_summary_month" time="0.309" /><testcase classname="tests.test_barcode_expenditure.TestExpenseSummary" name="test_get_summary_day" time="0.044" /><testcase classname="tests.test_barcode_expenditure.TestExpenseSummary" name="test_get_summary_year" time="0.035" /><testcase classname="tests.test_barcode_expenditure.TestExpenseTrends" name="test_get_trends" time="0.306" /><testcase classname="tests.test_barcode_expenditure.TestInvalidExpenseOperations" name="test_create_expense_invalid_category" time="0.301" /><testcase classname="tests.test_barcode_expenditure.TestInvalidExpenseOperations" name="test_create_expense_invalid_type" time="0.041" /><testcase classname="tests.test_barcode_expenditure.TestInvalidExpenseOperations" name="test_get_nonexistent_expense" time="0.039" /><testcase classname="tests.test_barcode_expenditure.TestItemsForBarcode" name="test_list_items" time="0.306" /><testcase classname="tests.test_barcode_expenditure.TestItemsForBarcode" name="test_list_variants" time="0.039" /></testsuite></testsuites>