<?xml version="1.0" encoding="utf-8"?><testsuites name="pytest tests"><testsuite name="pytest" errors="0" failures="0" skipped="0" tests="26" time="2.242" timestamp="2026-02-05T15:03:05.161954+00:00" hostname="agent-env-67e3dd5d-19cd-418c-8c61-037ec9731dd0"><testcase classname="backend.tests.test_billing_subscription.TestBillingPlans" name="test_get_plans_returns_4_plans" time="0.086" /><testcase classname="backend.tests.test_billing_subscription.TestBillingPlans" name="test_plans_have_correct_pricing" time="0.038" /><testcase classname="backend.tests.test_billing_subscription.TestBillingPlans" name="test_plans_have_features_list" time="0.035" /><testcase classname="backend.tests.test_billing_subscription.TestBillingPlans" name="test_plans_have_limits" time="0.043" /><testcase classname="backend.tests.test_billing_subscription.TestCurrentSubscription" name="test_get_subscription_requires_auth" time="0.042" /><testcase classname="backend.tests.test_billing_subscription.TestCurrentSubscription" name="test_get_subscription_returns_plan_info" time="0.304" /><testcase classname="backend.tests.test_billing_subscription.TestCurrentSubscription" name="test_subscription_has_plan_details" time="0.040" /><testcase classname="backend.tests.test_billing_subscription.TestUsageStats" name="test_get_usage_requires_auth" time="0.036" /><testcase classname="backend.tests.test_billing_subscription.TestUsageStats" name="test_get_usage_returns_stats" time="0.043" /><testcase classname="backend.tests.test_billing_subscription.TestUsageStats" name="test_usage_has_all_metrics" time="0.041" /><testcase classname="backend.tests.test_billing_subscription.TestUsageStats" name="test_usage_exceeded_flag_works" time="0.045" /><testcase classname="backend.tests.test_billing_subscription.TestCheckoutSession" name="test_checkout_requires_auth" time="0.034" /><testcase classname="backend.tests.test_billing_subscription.TestCheckoutSession" name="test_checkout_rejects_invalid_plan" time="0.041" /><testcase classname="backend.tests.test_billing_subscription.TestCheckoutSession" name="test_checkout_rejects_free_plan" time="0.043" /><testcase classname="backend.tests.test_billing_subscription.TestCheckoutSession" name="test_checkout_creates_session_for_basic" time="0.418" /><testcase classname="backend.tests.test_billing_subscription.TestCheckoutStatus" name="test_status_requires_auth" time="0.035" /><testcase classname="backend.tests.test_billing_subscription.TestCheckoutStatus" name="test_status_returns_404_for_unknown_session" time="0.039" /><testcase classname="backend.tests.test_billing_subscription.TestBillingHistory" name="test_history_requires_auth" time="0.041" /><testcase classname="backend.tests.test_billing_subscription.TestBillingHistory" name="test_history_returns_transactions_list" time="0.041" /><testcase classname="backend.tests.test_billing_subscription.TestCancelSubscription" name="test_cancel_requires_auth" time="0.040" /><testcase classname="backend.tests.test_billing_subscription.TestCancelSubscription" name="test_cancel_returns_success_message" time="0.078" /><testcase classname="backend.tests.test_billing_subscription.TestSuperAdminSubscriptions" name="test_superadmin_subscriptions_requires_superadmin" time="0.037" /><testcase classname="backend.tests.test_billing_subscription.TestSuperAdminSubscriptions" name="test_superadmin_can_view_subscriptions" time="0.307" /><testcase classname="backend.tests.test_billing_subscription.TestSuperAdminSubscriptions" name="test_superadmin_change_plan_requires_superadmin" time="0.034" /><testcase classname="backend.tests.test_billing_subscription.TestSuperAdminSubscriptions" name="test_superadmin_change_plan_rejects_invalid_plan" time="0.086" /><testcase classname="backend.tests.test_billing_subscription.TestIntegration" name="test_full_billing_page_data_flow" time="0.157" /></testsuite></testsuites>