<?xml version="1.0" encoding="utf-8"?><testsuites name="pytest tests"><testsuite name="pytest" errors="0" failures="0" skipped="0" tests="12" time="10.757" timestamp="2026-02-13T19:36:42.157483+00:00" hostname="agent-env-35367dc7-1028-49de-a3aa-b8b5fab79ed1"><testcase classname="tests.test_blog_scheduler.TestBlogSchedulerFeature" name="test_01_list_blog_posts_returns_scheduled_count" time="4.203" /><testcase classname="tests.test_blog_scheduler.TestBlogSchedulerFeature" name="test_02_create_scheduled_blog_post" time="0.631" /><testcase classname="tests.test_blog_scheduler.TestBlogSchedulerFeature" name="test_03_create_draft_blog_post" time="0.606" /><testcase classname="tests.test_blog_scheduler.TestBlogSchedulerFeature" name="test_04_create_published_blog_post" time="0.794" /><testcase classname="tests.test_blog_scheduler.TestBlogSchedulerFeature" name="test_05_get_scheduler_status" time="0.471" /><testcase classname="tests.test_blog_scheduler.TestBlogSchedulerFeature" name="test_06_scheduler_running_status" time="0.466" /><testcase classname="tests.test_blog_scheduler.TestBlogSchedulerFeature" name="test_07_update_post_status_to_scheduled" time="0.763" /><testcase classname="tests.test_blog_scheduler.TestBlogSchedulerFeature" name="test_08_filter_posts_by_scheduled_status" time="0.414" /><testcase classname="tests.test_blog_scheduler.TestBlogSchedulerFeature" name="test_09_get_seo_dashboard" time="0.414" /><testcase classname="tests.test_blog_scheduler.TestBlogSchedulerFeature" name="test_10_delete_blog_post" time="0.571" /><testcase classname="tests.test_blog_scheduler.TestBlogSchedulerFeature" name="test_11_scheduled_count_increments" time="0.666" /><testcase classname="tests.test_blog_scheduler.TestBlogSchedulerFeature" name="test_12_blog_post_model_validation" time="0.678" /></testsuite></testsuites>