<?xml version="1.0" encoding="utf-8"?><testsuites name="pytest tests"><testsuite name="pytest" errors="0" failures="0" skipped="0" tests="6" time="0.929" timestamp="2026-02-09T16:10:19.978596+00:00" hostname="agent-env-f9259d47-37fd-4703-a283-8f60d81657b7"><testcase classname="tests.test_business_info_api.TestBusinessInfoAPI" name="test_business_info_endpoint_returns_200" time="0.391" /><testcase classname="tests.test_business_info_api.TestBusinessInfoAPI" name="test_business_info_returns_required_fields" time="0.042" /><testcase classname="tests.test_business_info_api.TestBusinessInfoAPI" name="test_business_name_is_not_empty" time="0.038" /><testcase classname="tests.test_business_info_api.TestBusinessInfoAPI" name="test_brand_colors_is_array" time="0.043" /><testcase classname="tests.test_business_info_api.TestBusinessInfoAPI" name="test_unauthorized_request_fails" time="0.040" /><testcase classname="tests.test_business_info_api.TestSecurityDashboard" name="test_autonomous_healer_status_returns_200" time="0.308" /></testsuite></testsuites>