<?xml version="1.0" encoding="utf-8"?><testsuites name="pytest tests"><testsuite name="pytest" errors="0" failures="0" skipped="0" tests="9" time="2.840" timestamp="2026-02-02T19:17:12.927739+00:00" hostname="agent-env-d6a22285-cbcd-42a1-a299-2ac03fa0f7ca"><testcase classname="backend.tests.test_cancel_sale_barcode.TestCancelSaleFeature" name="test_get_sales_list" time="0.326" /><testcase classname="backend.tests.test_cancel_sale_barcode.TestCancelSaleFeature" name="test_cancel_sale_requires_reason" time="0.301" /><testcase classname="backend.tests.test_cancel_sale_barcode.TestCancelSaleFeature" name="test_cancel_sale_endpoint_exists" time="0.293" /><testcase classname="backend.tests.test_cancel_sale_barcode.TestCancelSaleFeature" name="test_cancel_already_cancelled_sale" time="0.344" /><testcase classname="backend.tests.test_cancel_sale_barcode.TestItemsVariantsFeature" name="test_items_list_includes_variants" time="0.299" /><testcase classname="backend.tests.test_cancel_sale_barcode.TestItemsVariantsFeature" name="test_items_have_size_color_from_variant" time="0.300" /><testcase classname="backend.tests.test_cancel_sale_barcode.TestItemsVariantsFeature" name="test_single_item_includes_variants" time="0.331" /><testcase classname="backend.tests.test_cancel_sale_barcode.TestItemsVariantsFeature" name="test_variants_endpoint" time="0.298" /><testcase classname="backend.tests.test_cancel_sale_barcode.TestSalesStatusField" name="test_sales_have_status_field" time="0.297" /></testsuite></testsuites>