<?xml version="1.0" encoding="utf-8"?><testsuites name="pytest tests"><testsuite name="pytest" errors="0" failures="0" skipped="0" tests="10" time="3.071" timestamp="2026-02-09T20:43:01.774891+00:00" hostname="agent-env-ce4ca634-57f1-4838-8df0-430f58fa1171"><testcase classname="backend.tests.test_virtual_tryon_face_attendance.TestFaceAttendanceAPIs" name="test_get_face_models" time="2.396" /><testcase classname="backend.tests.test_virtual_tryon_face_attendance.TestFaceAttendanceAPIs" name="test_get_face_registrations" time="0.046" /><testcase classname="backend.tests.test_virtual_tryon_face_attendance.TestFaceAttendanceAPIs" name="test_get_face_registration_status" time="0.040" /><testcase classname="backend.tests.test_virtual_tryon_face_attendance.TestVirtualTryOnSizeCharts" name="test_body_measurements_crud" time="0.081" /><testcase classname="backend.tests.test_virtual_tryon_face_attendance.TestVirtualTryOnSizeCharts" name="test_size_prediction_for_tops_category" time="0.125" /><testcase classname="backend.tests.test_virtual_tryon_face_attendance.TestVirtualTryOnSizeCharts" name="test_size_prediction_for_bottoms_category" time="0.043" /><testcase classname="backend.tests.test_virtual_tryon_face_attendance.TestVirtualTryOnSizeCharts" name="test_virtual_tryon_simulate" time="0.086" /><testcase classname="backend.tests.test_virtual_tryon_face_attendance.TestEmployeesForFaceAttendance" name="test_get_employees" time="0.056" /><testcase classname="backend.tests.test_virtual_tryon_face_attendance.TestEmployeesForFaceAttendance" name="test_get_stores" time="0.042" /><testcase classname="backend.tests.test_virtual_tryon_face_attendance.TestEmployeesForFaceAttendance" name="test_get_attendance" time="0.080" /></testsuite></testsuites>