<?xml version="1.0" encoding="utf-8"?><testsuites name="pytest tests"><testsuite name="pytest" errors="0" failures="0" skipped="0" tests="16" time="4.683" timestamp="2026-02-14T03:16:30.067043+00:00" hostname="agent-env-35367dc7-1028-49de-a3aa-b8b5fab79ed1"><testcase classname="tests.test_central_orchestrator.TestCentralOrchestrator" name="test_get_orchestrator_status" time="2.327" /><testcase classname="tests.test_central_orchestrator.TestCentralOrchestrator" name="test_status_contains_all_expected_agents" time="0.121" /><testcase classname="tests.test_central_orchestrator.TestCentralOrchestrator" name="test_agent_status_values" time="0.113" /><testcase classname="tests.test_central_orchestrator.TestCentralOrchestrator" name="test_start_all_agents" time="0.122" /><testcase classname="tests.test_central_orchestrator.TestCentralOrchestrator" name="test_stop_all_agents" time="0.126" /><testcase classname="tests.test_central_orchestrator.TestCentralOrchestrator" name="test_start_agents_after_stop" time="0.105" /><testcase classname="tests.test_central_orchestrator.TestCentralOrchestrator" name="test_get_notifications" time="0.136" /><testcase classname="tests.test_central_orchestrator.TestCentralOrchestrator" name="test_get_notifications_with_limit" time="0.130" /><testcase classname="tests.test_central_orchestrator.TestCentralOrchestrator" name="test_get_unread_notifications_only" time="0.165" /><testcase classname="tests.test_central_orchestrator.TestCentralOrchestrator" name="test_mark_notification_read" time="0.290" /><testcase classname="tests.test_central_orchestrator.TestCentralOrchestrator" name="test_dismiss_notification" time="0.225" /><testcase classname="tests.test_central_orchestrator.TestCentralOrchestrator" name="test_get_routing_analytics" time="0.123" /><testcase classname="tests.test_central_orchestrator.TestCentralOrchestrator" name="test_get_analytics_custom_hours" time="0.175" /><testcase classname="tests.test_central_orchestrator.TestCentralOrchestrator" name="test_route_error_to_agent" time="0.113" /><testcase classname="tests.test_central_orchestrator.TestCentralOrchestrator" name="test_orchestrator_status_requires_auth" time="0.195" /><testcase classname="tests.test_central_orchestrator.TestCentralOrchestrator" name="test_start_all_requires_auth" time="0.115" /></testsuite></testsuites>