<?xml version="1.0" encoding="utf-8"?><testsuites name="pytest tests"><testsuite name="pytest" errors="0" failures="0" skipped="0" tests="24" time="7.453" timestamp="2026-02-06T05:28:53.576890+00:00" hostname="agent-env-74e4e8d4-4eba-48ee-a8cd-496c29a22d3f"><testcase classname="backend.tests.test_centralized_inventory.TestCentralizedInventorySystem" name="test_get_central_stock_by_variant" time="0.308" /><testcase classname="backend.tests.test_centralized_inventory.TestCentralizedInventorySystem" name="test_get_all_central_stock" time="0.283" /><testcase classname="backend.tests.test_centralized_inventory.TestCentralizedInventorySystem" name="test_get_all_central_stock_low_stock_filter" time="0.281" /><testcase classname="backend.tests.test_centralized_inventory.TestCentralizedInventorySystem" name="test_check_stock_availability_sufficient" time="0.319" /><testcase classname="backend.tests.test_centralized_inventory.TestCentralizedInventorySystem" name="test_check_stock_availability_insufficient" time="0.281" /><testcase classname="backend.tests.test_centralized_inventory.TestCentralizedInventorySystem" name="test_add_stock_purchase" time="0.287" /><testcase classname="backend.tests.test_centralized_inventory.TestCentralizedInventorySystem" name="test_add_stock_invalid_quantity" time="0.275" /><testcase classname="backend.tests.test_centralized_inventory.TestCentralizedInventorySystem" name="test_deduct_stock_success" time="0.321" /><testcase classname="backend.tests.test_centralized_inventory.TestCentralizedInventorySystem" name="test_deduct_stock_insufficient_fails" time="0.324" /><testcase classname="backend.tests.test_centralized_inventory.TestCentralizedInventorySystem" name="test_deduct_stock_allow_negative" time="0.322" /><testcase classname="backend.tests.test_centralized_inventory.TestCentralizedInventorySystem" name="test_adjust_stock_set_quantity" time="0.284" /><testcase classname="backend.tests.test_centralized_inventory.TestCentralizedInventorySystem" name="test_transfer_stock_between_warehouses" time="0.289" /><testcase classname="backend.tests.test_centralized_inventory.TestCentralizedInventorySystem" name="test_transfer_stock_insufficient_fails" time="0.268" /><testcase classname="backend.tests.test_centralized_inventory.TestCentralizedInventorySystem" name="test_get_stock_movements" time="0.288" /><testcase classname="backend.tests.test_centralized_inventory.TestCentralizedInventorySystem" name="test_get_stock_movements_by_variant" time="0.284" /><testcase classname="backend.tests.test_centralized_inventory.TestCentralizedInventorySystem" name="test_get_stock_movements_by_type" time="0.269" /><testcase classname="backend.tests.test_centralized_inventory.TestCentralizedInventorySystem" name="test_get_stock_summary" time="0.274" /><testcase classname="backend.tests.test_centralized_inventory.TestCentralizedInventorySystem" name="test_migrate_stock_data" time="0.282" /><testcase classname="backend.tests.test_centralized_inventory.TestSalesWithCentralizedInventory" name="test_create_sale_deducts_stock" time="0.334" /><testcase classname="backend.tests.test_centralized_inventory.TestSalesWithCentralizedInventory" name="test_create_sale_fails_insufficient_stock" time="0.316" /><testcase classname="backend.tests.test_centralized_inventory.TestSalesWithCentralizedInventory" name="test_cancel_sale_restores_stock" time="0.413" /><testcase classname="backend.tests.test_centralized_inventory.TestSalesReturnsWithCentralizedInventory" name="test_sales_return_adds_stock_back" time="0.395" /><testcase classname="backend.tests.test_centralized_inventory.TestLegacyInventoryAdjust" name="test_legacy_inventory_adjust_positive" time="0.324" /><testcase classname="backend.tests.test_centralized_inventory.TestLegacyInventoryAdjust" name="test_legacy_inventory_adjust_negative" time="0.335" /></testsuite></testsuites>