<?xml version="1.0" encoding="utf-8"?><testsuites name="pytest tests"><testsuite name="pytest" errors="0" failures="0" skipped="0" tests="17" time="5.395" timestamp="2026-02-08T00:02:25.154688+00:00" hostname="agent-env-02b9bf12-64e5-4092-962c-13a4b607bad7"><testcase classname="backend.tests.test_centralized_discounts.TestCentralizedDiscountManagement" name="test_create_item_discount_with_centralized_settings" time="0.343" /><testcase classname="backend.tests.test_centralized_discounts.TestCentralizedDiscountManagement" name="test_create_item_discount_with_store_exclusions" time="0.314" /><testcase classname="backend.tests.test_centralized_discounts.TestCentralizedDiscountManagement" name="test_list_item_discounts_returns_centralized_fields" time="0.285" /><testcase classname="backend.tests.test_centralized_discounts.TestCentralizedDiscountManagement" name="test_calculate_item_discount_with_store_filter" time="0.313" /><testcase classname="backend.tests.test_centralized_discounts.TestCentralizedDiscountManagement" name="test_calculate_item_discount_with_channel_filter" time="0.313" /><testcase classname="backend.tests.test_centralized_discounts.TestCentralizedDiscountManagement" name="test_create_bogo_offer_with_centralized_settings" time="0.340" /><testcase classname="backend.tests.test_centralized_discounts.TestCentralizedDiscountManagement" name="test_bogo_calculate_with_store_filter" time="0.298" /><testcase classname="backend.tests.test_centralized_discounts.TestCentralizedDiscountManagement" name="test_list_bogo_offers_returns_centralized_fields" time="0.297" /><testcase classname="backend.tests.test_centralized_discounts.TestCentralizedDiscountManagement" name="test_create_tiered_discount_with_centralized_settings" time="0.316" /><testcase classname="backend.tests.test_centralized_discounts.TestCentralizedDiscountManagement" name="test_calculate_tiered_discount_with_store_filter" time="0.303" /><testcase classname="backend.tests.test_centralized_discounts.TestCentralizedDiscountManagement" name="test_calculate_tiered_discount_for_different_channels" time="0.401" /><testcase classname="backend.tests.test_centralized_discounts.TestCentralizedDiscountManagement" name="test_list_tiered_discounts_returns_centralized_fields" time="0.283" /><testcase classname="backend.tests.test_centralized_discounts.TestCentralizedDiscountManagement" name="test_calculate_all_discounts_with_centralized_filtering" time="0.280" /><testcase classname="backend.tests.test_centralized_discounts.TestCentralizedDiscountManagement" name="test_calculate_all_discounts_for_online_channel" time="0.285" /><testcase classname="backend.tests.test_centralized_discounts.TestCentralizedDiscountManagement" name="test_calculate_all_discounts_for_manual_invoice" time="0.277" /><testcase classname="backend.tests.test_centralized_discounts.TestCentralizedDiscountManagement" name="test_discount_not_applied_when_auto_apply_false" time="0.320" /><testcase classname="backend.tests.test_centralized_discounts.TestCentralizedDiscountManagement" name="test_update_item_discount_centralized_settings" time="0.341" /></testsuite></testsuites>