<?xml version="1.0" encoding="utf-8"?><testsuites name="pytest tests"><testsuite name="pytest" errors="0" failures="0" skipped="1" tests="8" time="193.185" timestamp="2026-02-21T01:00:46.253164+00:00" hostname="agent-env-4cde7f27-3e4b-455a-b312-04ce63fbd715"><testcase classname="backend.tests.test_central_stock_bug_fix.TestCentralStockBugFix" name="test_create_item_creates_central_stock_for_default_variant" time="15.127" /><testcase classname="backend.tests.test_central_stock_bug_fix.TestCentralStockBugFix" name="test_create_variant_creates_central_stock_record" time="49.154" /><testcase classname="backend.tests.test_central_stock_bug_fix.TestCentralStockBugFix" name="test_stock_correct_after_inventory_adjustment" time="64.540"><skipped type="pytest.skip" message="No variants found for item - needs default variant creation">/app/backend/tests/test_central_stock_bug_fix.py:227: No variants found for item - needs default variant creation</skipped></testcase><testcase classname="backend.tests.test_central_stock_bug_fix.TestCentralStockBugFix" name="test_list_items_stock_calculation_priority" time="0.522" /><testcase classname="backend.tests.test_central_stock_bug_fix.TestCentralStockBugFix" name="test_new_item_not_shown_as_out_of_stock" time="25.809" /><testcase classname="backend.tests.test_central_stock_bug_fix.TestBulkImportCentralStock" name="test_import_items_endpoint_exists" time="0.552" /><testcase classname="backend.tests.test_central_stock_bug_fix.TestInventoryServiceIntegration" name="test_central_stock_api_exists" time="12.492" /><testcase classname="backend.tests.test_central_stock_bug_fix.TestInventoryServiceIntegration" name="test_stock_summary_endpoint" time="24.911" /></testsuite></testsuites>