<?xml version="1.0" encoding="utf-8"?><testsuites name="pytest tests"><testsuite name="pytest" errors="0" failures="0" skipped="0" tests="15" time="11.734" timestamp="2026-02-19T16:52:40.874323+00:00" hostname="agent-env-4b3ea8e0-263a-4f6e-abfa-bfe23e237302"><testcase classname="backend.tests.test_centralized_attendance.TestAuthentication" name="test_superadmin_login" time="0.562" /><testcase classname="backend.tests.test_centralized_attendance.TestWorkTimingAPI" name="test_get_work_timing_default" time="0.563" /><testcase classname="backend.tests.test_centralized_attendance.TestWorkTimingAPI" name="test_save_work_timing_config" time="0.805" /><testcase classname="backend.tests.test_centralized_attendance.TestWorkTimingAPI" name="test_update_seasonal_timing" time="0.877" /><testcase classname="backend.tests.test_centralized_attendance.TestMyProfileAPI" name="test_get_my_profile_superadmin" time="0.498" /><testcase classname="backend.tests.test_centralized_attendance.TestSelfCheckAPI" name="test_self_checkin_without_employee" time="0.561" /><testcase classname="backend.tests.test_centralized_attendance.TestSelfCheckAPI" name="test_self_check_invalid_action" time="0.881" /><testcase classname="backend.tests.test_centralized_attendance.TestAdminMarkAttendance" name="test_admin_mark_attendance_present" time="0.833" /><testcase classname="backend.tests.test_centralized_attendance.TestAdminMarkAttendance" name="test_admin_mark_attendance_absent" time="0.933" /><testcase classname="backend.tests.test_centralized_attendance.TestAdminMarkAttendance" name="test_admin_mark_attendance_leave" time="1.166" /><testcase classname="backend.tests.test_centralized_attendance.TestAdminMarkAttendance" name="test_get_attendance_for_date" time="1.043" /><testcase classname="backend.tests.test_centralized_attendance.TestAttendanceSheet" name="test_get_monthly_attendance" time="0.822" /><testcase classname="backend.tests.test_centralized_attendance.TestSalaryCalculator" name="test_salary_calculator_api" time="0.821" /><testcase classname="backend.tests.test_centralized_attendance.TestStoreAndEmployeeAPIs" name="test_get_stores" time="0.561" /><testcase classname="backend.tests.test_centralized_attendance.TestStoreAndEmployeeAPIs" name="test_get_employees" time="0.666" /></testsuite></testsuites>