<?xml version="1.0" encoding="utf-8"?><testsuites name="pytest tests"><testsuite name="pytest" errors="0" failures="0" skipped="0" tests="14" time="1.874" timestamp="2026-02-09T19:50:56.578072+00:00" hostname="agent-env-26be6d4b-9609-4ca7-bdd3-bc3c755ab16d"><testcase classname="backend.tests.test_ecommerce.TestEcommerceBackend" name="test_get_ecommerce_settings" time="0.453" /><testcase classname="backend.tests.test_ecommerce.TestEcommerceBackend" name="test_update_ecommerce_settings" time="0.130" /><testcase classname="backend.tests.test_ecommerce.TestEcommerceBackend" name="test_get_ecommerce_dashboard" time="0.045" /><testcase classname="backend.tests.test_ecommerce.TestEcommerceBackend" name="test_list_ecommerce_orders" time="0.084" /><testcase classname="backend.tests.test_ecommerce.TestEcommerceBackend" name="test_list_orders_with_status_filter" time="0.222" /><testcase classname="backend.tests.test_ecommerce.TestEcommerceBackend" name="test_get_storefront_info" time="0.040" /><testcase classname="backend.tests.test_ecommerce.TestEcommerceBackend" name="test_get_storefront_products" time="0.089" /><testcase classname="backend.tests.test_ecommerce.TestEcommerceBackend" name="test_get_storefront_products_with_filters" time="0.254" /><testcase classname="backend.tests.test_ecommerce.TestEcommerceBackend" name="test_get_storefront_categories" time="0.080" /><testcase classname="backend.tests.test_ecommerce.TestEcommerceBackend" name="test_cart_validation_empty" time="0.082" /><testcase classname="backend.tests.test_ecommerce.TestEcommerceBackend" name="test_cart_validation_invalid_item" time="0.094" /><testcase classname="backend.tests.test_ecommerce.TestEcommerceBackend" name="test_storefront_disabled_access" time="0.047" /><testcase classname="backend.tests.test_ecommerce.TestEcommerceBackend" name="test_ecommerce_full_flow" time="0.159" /><testcase classname="backend.tests.test_ecommerce.TestItemsPageCarouselRemoved" name="test_items_page_no_carousel_code" time="0.007" /></testsuite></testsuites>