<?xml version="1.0" encoding="utf-8"?><testsuites name="pytest tests"><testsuite name="pytest" errors="0" failures="0" skipped="0" tests="12" time="2.128" timestamp="2026-02-14T08:09:41.901000+00:00" hostname="agent-env-8426e4b8-2efc-4fbf-99b6-7b754aa1e8b3"><testcase classname="backend.tests.test_ecommerce_slug.TestCheckSlugEndpoint" name="test_check_slug_valid_format" time="0.529" /><testcase classname="backend.tests.test_ecommerce_slug.TestCheckSlugEndpoint" name="test_check_slug_too_short" time="0.114" /><testcase classname="backend.tests.test_ecommerce_slug.TestCheckSlugEndpoint" name="test_check_slug_reserved_word" time="0.220" /><testcase classname="backend.tests.test_ecommerce_slug.TestCheckSlugEndpoint" name="test_check_slug_invalid_format_with_special_chars" time="0.162" /><testcase classname="backend.tests.test_ecommerce_slug.TestCheckSlugEndpoint" name="test_check_slug_without_auth" time="0.120" /><testcase classname="backend.tests.test_ecommerce_slug.TestStoreSlugUpdateEndpoint" name="test_update_store_slug_success" time="0.156" /><testcase classname="backend.tests.test_ecommerce_slug.TestStoreSlugUpdateEndpoint" name="test_update_store_slug_empty" time="0.107" /><testcase classname="backend.tests.test_ecommerce_slug.TestStoreSlugUpdateEndpoint" name="test_update_store_slug_reserved" time="0.105" /><testcase classname="backend.tests.test_ecommerce_slug.TestStoreSlugUpdateEndpoint" name="test_update_store_slug_invalid_format" time="0.208" /><testcase classname="backend.tests.test_ecommerce_slug.TestStoreSlugUpdateEndpoint" name="test_update_store_slug_without_auth" time="0.103" /><testcase classname="backend.tests.test_ecommerce_slug.TestEcommerceSettingsIntegration" name="test_get_ecommerce_settings" time="0.116" /><testcase classname="backend.tests.test_ecommerce_slug.TestEcommerceSettingsIntegration" name="test_get_ecommerce_dashboard" time="0.109" /></testsuite></testsuites>