<?xml version="1.0" encoding="utf-8"?><testsuites name="pytest tests"><testsuite name="pytest" errors="0" failures="0" skipped="0" tests="10" time="5.399" timestamp="2026-02-19T17:39:48.160092+00:00" hostname="agent-env-4b3ea8e0-263a-4f6e-abfa-bfe23e237302"><testcase classname="tests.test_employment_documents.TestEmploymentApplicationDocuments" name="test_create_employment_application" time="2.807" /><testcase classname="tests.test_employment_documents.TestEmploymentApplicationDocuments" name="test_upload_aadhar_document" time="0.201" /><testcase classname="tests.test_employment_documents.TestEmploymentApplicationDocuments" name="test_upload_pan_document" time="0.123" /><testcase classname="tests.test_employment_documents.TestEmploymentApplicationDocuments" name="test_upload_qualification_certificate" time="0.160" /><testcase classname="tests.test_employment_documents.TestEmploymentApplicationDocuments" name="test_upload_consent_letter" time="0.107" /><testcase classname="tests.test_employment_documents.TestEmploymentApplicationDocuments" name="test_get_application_documents" time="0.195" /><testcase classname="tests.test_employment_documents.TestEmploymentApplicationDocuments" name="test_upload_invalid_file_type" time="0.134" /><testcase classname="tests.test_employment_documents.TestEmploymentAgreementsDocuments" name="test_create_agreement_with_documents" time="0.781" /><testcase classname="tests.test_employment_documents.TestEmploymentAgreementsDocuments" name="test_get_agreement_has_documents" time="0.150" /><testcase classname="tests.test_employment_documents.TestEmploymentAgreementsDocuments" name="test_update_agreement_documents" time="0.664" /></testsuite></testsuites>