<?xml version="1.0" encoding="utf-8"?><testsuites name="pytest tests"><testsuite name="pytest" errors="0" failures="0" skipped="1" tests="16" time="1.388" timestamp="2026-02-02T15:50:33.345178+00:00" hostname="agent-env-12d32b81-bc4f-4e5c-82c9-be4e6ec22e62"><testcase classname="backend.tests.test_employment_agreements.TestAgreementTemplates" name="test_get_templates" time="0.366" /><testcase classname="backend.tests.test_employment_agreements.TestAgreementTemplates" name="test_template_has_default_terms" time="0.043" /><testcase classname="backend.tests.test_employment_agreements.TestEmploymentAgreementsCRUD" name="test_list_agreements" time="0.043" /><testcase classname="backend.tests.test_employment_agreements.TestEmploymentAgreementsCRUD" name="test_list_agreements_filter_by_status" time="0.040" /><testcase classname="backend.tests.test_employment_agreements.TestEmploymentAgreementsCRUD" name="test_create_agreement" time="0.082" /><testcase classname="backend.tests.test_employment_agreements.TestEmploymentAgreementsCRUD" name="test_get_agreement_by_id" time="0.084" /><testcase classname="backend.tests.test_employment_agreements.TestEmploymentAgreementsCRUD" name="test_get_nonexistent_agreement" time="0.041" /><testcase classname="backend.tests.test_employment_agreements.TestEmploymentAgreementsCRUD" name="test_update_agreement" time="0.116" /><testcase classname="backend.tests.test_employment_agreements.TestAutoPopulate" name="test_auto_populate_with_employee" time="0.079" /><testcase classname="backend.tests.test_employment_agreements.TestAutoPopulate" name="test_auto_populate_without_employee_id" time="0.039" /><testcase classname="backend.tests.test_employment_agreements.TestAutoPopulate" name="test_auto_populate_with_invalid_employee" time="0.037" /><testcase classname="backend.tests.test_employment_agreements.TestAgreementSigning" name="test_sign_agreement_employee" time="0.072" /><testcase classname="backend.tests.test_employment_agreements.TestAgreementSigning" name="test_sign_agreement_employer" time="0.076" /><testcase classname="backend.tests.test_employment_agreements.TestAgreementDeletion" name="test_delete_test_agreements" time="0.076" /><testcase classname="backend.tests.test_employment_agreements.TestAgreementDeletion" name="test_delete_nonexistent_agreement" time="0.037" /><testcase classname="backend.tests.test_employment_agreements.TestAgreementValidation" name="test_cannot_edit_signed_agreement" time="0.034"><skipped type="pytest.skip" message="No signed agreements available for testing">/app/backend/tests/test_employment_agreements.py:421: No signed agreements available for testing</skipped></testcase></testsuite></testsuites>