<?xml version="1.0" encoding="utf-8"?><testsuites name="pytest tests"><testsuite name="pytest" errors="0" failures="0" skipped="0" tests="8" time="1.351" timestamp="2026-02-07T18:36:23.478178+00:00" hostname="agent-env-259acbd2-847f-4dd6-bd2c-6e0b9103797b"><testcase classname="tests.test_employee_centralization.TestEmployeeCentralization" name="test_get_next_employee_code" time="0.350" /><testcase classname="tests.test_employee_centralization.TestEmployeeCentralization" name="test_list_employees" time="0.043" /><testcase classname="tests.test_employee_centralization.TestEmployeeCentralization" name="test_create_employee_unique_code" time="0.125" /><testcase classname="tests.test_employee_centralization.TestEmployeeCentralization" name="test_duplicate_employee_code_validation" time="0.075" /><testcase classname="tests.test_employee_centralization.TestEmployeeCentralization" name="test_get_employee_full_profile" time="0.095" /><testcase classname="tests.test_employee_centralization.TestEmployeeCentralization" name="test_get_nonexistent_employee_profile" time="0.046" /><testcase classname="tests.test_employee_centralization.TestEmployeeCentralization" name="test_next_code_sequence" time="0.154" /><testcase classname="tests.test_employee_centralization.TestEmployeeUpdate" name="test_update_employee_with_same_code" time="0.389" /></testsuite></testsuites>