<?xml version="1.0" encoding="utf-8"?><testsuites name="pytest tests"><testsuite name="pytest" errors="0" failures="0" skipped="0" tests="25" time="132.923" timestamp="2026-02-09T14:37:41.593359+00:00" hostname="agent-env-f9259d47-37fd-4703-a283-8f60d81657b7"><testcase classname="backend.tests.test_enhanced_autoheal.TestMonitoringEndpoints" name="test_monitoring_health_endpoint" time="0.399" /><testcase classname="backend.tests.test_enhanced_autoheal.TestMonitoringEndpoints" name="test_monitoring_snapshots_endpoint" time="0.043" /><testcase classname="backend.tests.test_enhanced_autoheal.TestMonitoringEndpoints" name="test_monitoring_start_endpoint" time="0.039" /><testcase classname="backend.tests.test_enhanced_autoheal.TestMonitoringEndpoints" name="test_monitoring_stop_endpoint" time="0.045" /><testcase classname="backend.tests.test_enhanced_autoheal.TestRootCauseCategories" name="test_root_cause_categories_endpoint" time="0.050" /><testcase classname="backend.tests.test_enhanced_autoheal.TestDatabaseErrorDetection" name="test_database_connection_error" time="5.464" /><testcase classname="backend.tests.test_enhanced_autoheal.TestDatabaseErrorDetection" name="test_database_query_error" time="8.600" /><testcase classname="backend.tests.test_enhanced_autoheal.TestMemoryErrorDetection" name="test_memory_overflow_error" time="4.595" /><testcase classname="backend.tests.test_enhanced_autoheal.TestMemoryErrorDetection" name="test_memory_leak_error" time="5.060" /><testcase classname="backend.tests.test_enhanced_autoheal.TestAsyncErrorDetection" name="test_unhandled_promise_rejection" time="8.224" /><testcase classname="backend.tests.test_enhanced_autoheal.TestAsyncErrorDetection" name="test_async_timeout_error" time="9.951" /><testcase classname="backend.tests.test_enhanced_autoheal.TestNetworkErrorDetection" name="test_ssl_certificate_error" time="9.344" /><testcase classname="backend.tests.test_enhanced_autoheal.TestNetworkErrorDetection" name="test_dns_resolution_error" time="8.746" /><testcase classname="backend.tests.test_enhanced_autoheal.TestThreadErrorDetection" name="test_deadlock_error" time="5.665" /><testcase classname="backend.tests.test_enhanced_autoheal.TestThreadErrorDetection" name="test_race_condition_error" time="10.935" /><testcase classname="backend.tests.test_enhanced_autoheal.TestDependencyErrorDetection" name="test_missing_module_error" time="9.453" /><testcase classname="backend.tests.test_enhanced_autoheal.TestDependencyErrorDetection" name="test_version_mismatch_error" time="8.609" /><testcase classname="backend.tests.test_enhanced_autoheal.TestFrontendErrorDetection" name="test_react_render_error" time="7.918" /><testcase classname="backend.tests.test_enhanced_autoheal.TestFrontendErrorDetection" name="test_state_management_error" time="8.730" /><testcase classname="backend.tests.test_enhanced_autoheal.TestBackendErrorDetection" name="test_api_handler_error" time="5.553" /><testcase classname="backend.tests.test_enhanced_autoheal.TestBackendErrorDetection" name="test_authentication_error" time="5.766" /><testcase classname="backend.tests.test_enhanced_autoheal.TestDiagnoseResponseStructure" name="test_diagnose_response_has_required_fields" time="3.916" /><testcase classname="backend.tests.test_enhanced_autoheal.TestDiagnoseResponseStructure" name="test_diagnose_response_fix_applied" time="5.619" /><testcase classname="backend.tests.test_enhanced_autoheal.TestAutoHealReportsAndStats" name="test_autoheal_reports_endpoint" time="0.062" /><testcase classname="backend.tests.test_enhanced_autoheal.TestAutoHealReportsAndStats" name="test_autoheal_stats_endpoint" time="0.041" /></testsuite></testsuites>