<?xml version="1.0" encoding="utf-8"?><testsuites name="pytest tests"><testsuite name="pytest" errors="0" failures="0" skipped="0" tests="18" time="37.531" timestamp="2026-02-08T01:28:15.378795+00:00" hostname="agent-env-b88d7ce4-9c9c-41fa-ace2-2590ca2e300b"><testcase classname="backend.tests.test_error_monitoring.TestErrorReporting" name="test_report_frontend_error_success" time="4.979" /><testcase classname="backend.tests.test_error_monitoring.TestErrorReporting" name="test_report_database_error" time="10.739" /><testcase classname="backend.tests.test_error_monitoring.TestErrorReporting" name="test_report_security_error" time="3.848" /><testcase classname="backend.tests.test_error_monitoring.TestErrorReporting" name="test_report_error_minimal_payload" time="1.535" /><testcase classname="backend.tests.test_error_monitoring.TestSuperAdminErrorAccess" name="test_get_errors_list" time="0.013" /><testcase classname="backend.tests.test_error_monitoring.TestSuperAdminErrorAccess" name="test_get_errors_with_category_filter" time="0.012" /><testcase classname="backend.tests.test_error_monitoring.TestSuperAdminErrorAccess" name="test_get_errors_with_severity_filter" time="0.010" /><testcase classname="backend.tests.test_error_monitoring.TestSuperAdminErrorAccess" name="test_get_errors_with_resolved_filter" time="0.013" /><testcase classname="backend.tests.test_error_monitoring.TestSuperAdminErrorAccess" name="test_get_error_stats" time="0.013" /><testcase classname="backend.tests.test_error_monitoring.TestErrorActions" name="test_apply_fix_to_error" time="2.590" /><testcase classname="backend.tests.test_error_monitoring.TestErrorActions" name="test_acknowledge_error" time="3.905" /><testcase classname="backend.tests.test_error_monitoring.TestErrorActions" name="test_ignore_error" time="3.594" /><testcase classname="backend.tests.test_error_monitoring.TestErrorActions" name="test_fix_nonexistent_error" time="2.311" /><testcase classname="backend.tests.test_error_monitoring.TestErrorNotifications" name="test_get_notifications_list" time="0.019" /><testcase classname="backend.tests.test_error_monitoring.TestErrorAccessControl" name="test_errors_require_superadmin" time="0.050" /><testcase classname="backend.tests.test_error_monitoring.TestErrorAccessControl" name="test_stats_require_superadmin" time="0.049" /><testcase classname="backend.tests.test_error_monitoring.TestAIClassification" name="test_runtime_error_classification" time="1.538" /><testcase classname="backend.tests.test_error_monitoring.TestAIClassification" name="test_network_error_classification" time="2.221" /></testsuite></testsuites>