<?xml version="1.0" encoding="utf-8"?><testsuites name="pytest tests"><testsuite name="pytest" errors="0" failures="0" skipped="0" tests="12" time="23.354" timestamp="2026-02-13T18:07:18.932428+00:00" hostname="agent-env-c104f3ba-d981-4e86-aa04-53e44cf65feb"><testcase classname="backend.tests.test_error_fix_52_patterns.TestDashboardEndpoint" name="test_dashboard_returns_learning_stats" time="4.686" /><testcase classname="backend.tests.test_error_fix_52_patterns.TestPatternsEndpoint" name="test_get_patterns_returns_structure" time="0.107" /><testcase classname="backend.tests.test_error_fix_52_patterns.TestClearPatternsEndpoint" name="test_clear_patterns" time="0.053" /><testcase classname="backend.tests.test_error_fix_52_patterns.TestPatternLearningFlow" name="test_report_error_creates_pattern" time="2.299" /><testcase classname="backend.tests.test_error_fix_52_patterns.TestPatternLearningFlow" name="test_same_error_uses_learned_pattern" time="6.574" /><testcase classname="backend.tests.test_error_fix_52_patterns.TestPatternConfidenceIncrease" name="test_confidence_increases_with_usage" time="6.902" /><testcase classname="backend.tests.test_error_fix_52_patterns.TestErrorTypes" name="test_http_error_pattern_learning" time="0.172" /><testcase classname="backend.tests.test_error_fix_52_patterns.TestErrorTypes" name="test_python_error_pattern_learning" time="0.112" /><testcase classname="backend.tests.test_error_fix_52_patterns.TestErrorTypes" name="test_react_error_pattern_learning" time="0.068" /><testcase classname="backend.tests.test_error_fix_52_patterns.TestErrorTypes" name="test_database_error_pattern_learning" time="0.076" /><testcase classname="backend.tests.test_error_fix_52_patterns.TestPatternDetails" name="test_pattern_has_required_fields" time="2.171" /><testcase classname="backend.tests.test_error_fix_52_patterns.TestHighConfidencePatterns" name="test_high_confidence_count_accurate" time="0.057" /></testsuite></testsuites>