<?xml version="1.0" encoding="utf-8"?><testsuites name="pytest tests"><testsuite name="pytest" errors="0" failures="0" skipped="0" tests="13" time="9.902" timestamp="2026-02-14T03:50:40.342786+00:00" hostname="agent-env-7d91c477-ef38-4d59-8578-b299dab86150"><testcase classname="backend.tests.test_error_trend_analytics.TestErrorTrendAnalytics" name="test_comprehensive_analytics_endpoint" time="1.742" /><testcase classname="backend.tests.test_error_trend_analytics.TestErrorTrendAnalytics" name="test_comprehensive_analytics_time_periods" time="1.324" /><testcase classname="backend.tests.test_error_trend_analytics.TestErrorTrendAnalytics" name="test_by_severity_endpoint" time="0.489" /><testcase classname="backend.tests.test_error_trend_analytics.TestErrorTrendAnalytics" name="test_by_category_endpoint" time="0.490" /><testcase classname="backend.tests.test_error_trend_analytics.TestErrorTrendAnalytics" name="test_by_source_endpoint" time="0.483" /><testcase classname="backend.tests.test_error_trend_analytics.TestErrorTrendAnalytics" name="test_by_agent_endpoint" time="0.459" /><testcase classname="backend.tests.test_error_trend_analytics.TestErrorTrendAnalytics" name="test_hourly_trend_endpoint" time="0.514" /><testcase classname="backend.tests.test_error_trend_analytics.TestErrorTrendAnalytics" name="test_hourly_trend_different_periods" time="0.765" /><testcase classname="backend.tests.test_error_trend_analytics.TestErrorTrendAnalytics" name="test_unauthorized_access" time="1.145" /><testcase classname="backend.tests.test_error_trend_analytics.TestErrorTrendAnalytics" name="test_create_error_then_verify_analytics" time="0.620" /><testcase classname="backend.tests.test_error_trend_analytics.TestAnalyticsDataIntegrity" name="test_totals_match_across_endpoints" time="0.700" /><testcase classname="backend.tests.test_error_trend_analytics.TestAnalyticsDataIntegrity" name="test_severity_sum_equals_total" time="0.483" /><testcase classname="backend.tests.test_error_trend_analytics.TestAnalyticsDataIntegrity" name="test_category_sum_equals_total" time="0.497" /></testsuite></testsuites>