<?xml version="1.0" encoding="utf-8"?><testsuites name="pytest tests"><testsuite name="pytest" errors="0" failures="0" skipped="0" tests="11" time="1.397" timestamp="2026-02-09T21:11:25.752643+00:00" hostname="agent-env-ce4ca634-57f1-4838-8df0-430f58fa1171"><testcase classname="backend.tests.test_fabric_catalogue_sizeguide.TestFabricCategories" name="test_get_fabric_categories" time="0.329" /><testcase classname="backend.tests.test_fabric_catalogue_sizeguide.TestFabricCRUD" name="test_list_fabrics" time="0.048" /><testcase classname="backend.tests.test_fabric_catalogue_sizeguide.TestFabricCRUD" name="test_create_fabric" time="0.065" /><testcase classname="backend.tests.test_fabric_catalogue_sizeguide.TestFabricCRUD" name="test_create_and_get_fabric" time="0.149" /><testcase classname="backend.tests.test_fabric_catalogue_sizeguide.TestFabricCRUD" name="test_update_fabric" time="0.118" /><testcase classname="backend.tests.test_fabric_catalogue_sizeguide.TestFabricCRUD" name="test_delete_fabric" time="0.075" /><testcase classname="backend.tests.test_fabric_catalogue_sizeguide.TestFabricCRUD" name="test_search_fabrics" time="0.104" /><testcase classname="backend.tests.test_fabric_catalogue_sizeguide.TestFabricCRUD" name="test_filter_by_category" time="0.110" /><testcase classname="backend.tests.test_fabric_catalogue_sizeguide.TestCustomStitchRequests" name="test_create_stitch_request" time="0.124" /><testcase classname="backend.tests.test_fabric_catalogue_sizeguide.TestCustomStitchRequests" name="test_list_stitch_requests" time="0.078" /><testcase classname="backend.tests.test_fabric_catalogue_sizeguide.TestCustomStitchRequests" name="test_urgency_pricing" time="0.127" /></testsuite></testsuites>