<?xml version="1.0" encoding="utf-8"?><testsuites name="pytest tests"><testsuite name="pytest" errors="0" failures="0" skipped="0" tests="10" time="5.272" timestamp="2026-02-11T08:24:29.697596+00:00" hostname="agent-env-dec6cc30-2836-4d2d-ac90-90bebf78c5e3"><testcase classname="backend.tests.test_gst_invoice_features.TestGSTLookupAPI" name="test_gst_lookup_valid_gstin_karnataka" time="1.258" /><testcase classname="backend.tests.test_gst_invoice_features.TestGSTLookupAPI" name="test_gst_lookup_valid_gstin_delhi" time="1.135" /><testcase classname="backend.tests.test_gst_invoice_features.TestGSTLookupAPI" name="test_gst_lookup_invalid_format" time="0.326" /><testcase classname="backend.tests.test_gst_invoice_features.TestGSTLookupAPI" name="test_gst_lookup_too_short" time="0.316" /><testcase classname="backend.tests.test_gst_invoice_features.TestGSTLookupAPI" name="test_gst_lookup_without_auth" time="0.325" /><testcase classname="backend.tests.test_gst_invoice_features.TestInvoiceGSTFields" name="test_create_interstate_invoice_with_igst" time="0.355" /><testcase classname="backend.tests.test_gst_invoice_features.TestInvoiceGSTFields" name="test_create_intrastate_invoice_with_cgst_sgst" time="0.367" /><testcase classname="backend.tests.test_gst_invoice_features.TestInvoiceGSTFields" name="test_invoice_retrieval_has_gst_fields" time="0.415" /><testcase classname="backend.tests.test_gst_invoice_features.TestSupplierGSTIntegration" name="test_create_supplier_with_gst_state" time="0.362" /><testcase classname="backend.tests.test_gst_invoice_features.TestSupplierGSTIntegration" name="test_supplier_api_has_state_fields" time="0.346" /></testsuite></testsuites>