<?xml version="1.0" encoding="utf-8"?><testsuites name="pytest tests"><testsuite name="pytest" errors="0" failures="0" skipped="0" tests="18" time="8.308" timestamp="2026-02-19T05:45:50.858789+00:00" hostname="agent-env-f307365d-82f4-49e0-87f0-30770db73164"><testcase classname="backend.tests.test_gst_reports.TestGSTReports" name="test_gstr3b_report_returns_200" time="0.500" /><testcase classname="backend.tests.test_gst_reports.TestGSTReports" name="test_gstr3b_has_summary_section" time="0.454" /><testcase classname="backend.tests.test_gst_reports.TestGSTReports" name="test_gstr3b_section_3_1_outward_supplies" time="0.483" /><testcase classname="backend.tests.test_gst_reports.TestGSTReports" name="test_gstr3b_section_4_itc" time="0.449" /><testcase classname="backend.tests.test_gst_reports.TestGSTReports" name="test_gstr3b_section_6_tax_payable" time="0.455" /><testcase classname="backend.tests.test_gst_reports.TestGSTReports" name="test_gstr1_report_returns_200" time="0.505" /><testcase classname="backend.tests.test_gst_reports.TestGSTReports" name="test_gstr1_has_summary_section" time="0.451" /><testcase classname="backend.tests.test_gst_reports.TestGSTReports" name="test_gstr1_has_totals_section" time="0.457" /><testcase classname="backend.tests.test_gst_reports.TestGSTReports" name="test_gstr1_b2b_invoices_section" time="0.430" /><testcase classname="backend.tests.test_gst_reports.TestGSTReports" name="test_gstr1_b2c_invoices_section" time="0.443" /><testcase classname="backend.tests.test_gst_reports.TestGSTReports" name="test_gstr1_hsn_summary_section" time="0.466" /><testcase classname="backend.tests.test_gst_reports.TestGSTReports" name="test_hsn_summary_returns_200" time="0.480" /><testcase classname="backend.tests.test_gst_reports.TestGSTReports" name="test_hsn_summary_structure" time="0.468" /><testcase classname="backend.tests.test_gst_reports.TestGSTReports" name="test_hsn_summary_totals_structure" time="0.457" /><testcase classname="backend.tests.test_gst_reports.TestGSTReports" name="test_export_gstr1_json_returns_200" time="0.439" /><testcase classname="backend.tests.test_gst_reports.TestGSTReports" name="test_date_filters_work_this_month" time="0.442" /><testcase classname="backend.tests.test_gst_reports.TestGSTReports" name="test_date_filters_work_last_month" time="0.429" /><testcase classname="backend.tests.test_gst_reports.TestGSTReports" name="test_gstr3b_values_not_nan" time="0.433" /></testsuite></testsuites>