<?xml version="1.0" encoding="utf-8"?><testsuites name="pytest tests"><testsuite name="pytest" errors="0" failures="0" skipped="0" tests="18" time="20.032" timestamp="2026-02-06T07:59:14.206791+00:00" hostname="agent-env-74e4e8d4-4eba-48ee-a8cd-496c29a22d3f"><testcase classname="backend.tests.test_gst_master.TestGSTMasterModule" name="test_01_initialize_default_gst_slabs" time="0.314" /><testcase classname="backend.tests.test_gst_master.TestGSTMasterModule" name="test_02_list_gst_slabs" time="0.277" /><testcase classname="backend.tests.test_gst_master.TestGSTMasterModule" name="test_03_get_specific_gst_slab" time="0.327" /><testcase classname="backend.tests.test_gst_master.TestGSTMasterModule" name="test_04_create_custom_gst_slab" time="0.288" /><testcase classname="backend.tests.test_gst_master.TestGSTMasterModule" name="test_05_update_gst_slab" time="0.305" /><testcase classname="backend.tests.test_gst_master.TestGSTMasterModule" name="test_06_deactivate_gst_slab" time="0.324" /><testcase classname="backend.tests.test_gst_master.TestGSTMasterModule" name="test_07_duplicate_gst_slab_code_rejected" time="0.271" /><testcase classname="backend.tests.test_gst_master.TestGSTMasterModule" name="test_08_create_hsn_code" time="0.347" /><testcase classname="backend.tests.test_gst_master.TestGSTMasterModule" name="test_09_list_hsn_codes" time="0.269" /><testcase classname="backend.tests.test_gst_master.TestGSTMasterModule" name="test_10_hsn_code_invalid_gst_slab_rejected" time="0.271" /><testcase classname="backend.tests.test_gst_master.TestGSTMasterModule" name="test_11_get_gst_ledger" time="0.271" /><testcase classname="backend.tests.test_gst_master.TestGSTMasterModule" name="test_12_get_gst_ledger_with_filters" time="0.282" /><testcase classname="backend.tests.test_gst_master.TestGSTMasterModule" name="test_13_get_gst_summary" time="0.272" /><testcase classname="backend.tests.test_gst_master.TestGSTMasterModule" name="test_14_get_gst_by_slab" time="0.271" /><testcase classname="backend.tests.test_gst_master.TestGSTMasterModule" name="test_15_verify_item_gst_slab_field" time="0.274" /><testcase classname="backend.tests.test_gst_master.TestGSTMasterModule" name="test_16_create_item_with_gst_slab" time="14.933" /><testcase classname="backend.tests.test_gst_master.TestGSTIntegrationWithInvoices" name="test_17_verify_gst_slabs_exist" time="0.313" /><testcase classname="backend.tests.test_gst_master.TestGSTIntegrationWithInvoices" name="test_18_verify_stores_exist" time="0.332" /></testsuite></testsuites>