<?xml version="1.0" encoding="utf-8"?><testsuites name="pytest tests"><testsuite name="pytest" errors="0" failures="0" skipped="0" tests="23" time="8.054" timestamp="2026-02-02T08:38:07.253758+00:00" hostname="agent-env-f8293f92-ba20-4299-a28c-790322426bf6"><testcase classname="backend.tests.test_invoices.TestInvoiceSystem" name="test_auth_login" time="0.556" /><testcase classname="backend.tests.test_invoices.TestInvoiceSystem" name="test_list_invoices" time="0.284" /><testcase classname="backend.tests.test_invoices.TestInvoiceSystem" name="test_list_invoices_with_status_filter" time="0.273" /><testcase classname="backend.tests.test_invoices.TestInvoiceSystem" name="test_create_invoice_draft" time="0.342" /><testcase classname="backend.tests.test_invoices.TestInvoiceSystem" name="test_create_invoice_sent" time="0.324" /><testcase classname="backend.tests.test_invoices.TestInvoiceSystem" name="test_get_invoice_by_id" time="0.345" /><testcase classname="backend.tests.test_invoices.TestInvoiceSystem" name="test_get_invoice_not_found" time="0.320" /><testcase classname="backend.tests.test_invoices.TestInvoiceSystem" name="test_update_invoice" time="0.361" /><testcase classname="backend.tests.test_invoices.TestInvoiceSystem" name="test_update_invoice_status_to_sent" time="0.406" /><testcase classname="backend.tests.test_invoices.TestInvoiceSystem" name="test_update_invoice_status_to_paid" time="0.353" /><testcase classname="backend.tests.test_invoices.TestInvoiceSystem" name="test_update_invoice_status_to_cancelled" time="0.343" /><testcase classname="backend.tests.test_invoices.TestInvoiceSystem" name="test_update_invoice_status_invalid" time="0.391" /><testcase classname="backend.tests.test_invoices.TestInvoiceSystem" name="test_record_payment" time="0.350" /><testcase classname="backend.tests.test_invoices.TestInvoiceSystem" name="test_record_full_payment" time="0.351" /><testcase classname="backend.tests.test_invoices.TestInvoiceSystem" name="test_record_payment_invalid_amount" time="0.345" /><testcase classname="backend.tests.test_invoices.TestInvoiceSystem" name="test_record_multiple_payments" time="0.358" /><testcase classname="backend.tests.test_invoices.TestInvoiceSystem" name="test_delete_invoice" time="0.345" /><testcase classname="backend.tests.test_invoices.TestInvoiceSystem" name="test_delete_invoice_not_found" time="0.269" /><testcase classname="backend.tests.test_invoices.TestInvoiceSystem" name="test_invoice_totals_calculation" time="0.278" /><testcase classname="backend.tests.test_invoices.TestInvoiceSystem" name="test_invoice_different_currencies" time="0.532" /><testcase classname="backend.tests.test_invoices.TestInvoiceDependencies" name="test_get_customers_for_invoice" time="0.306" /><testcase classname="backend.tests.test_invoices.TestInvoiceDependencies" name="test_get_items_for_invoice" time="0.267" /><testcase classname="backend.tests.test_invoices.TestInvoiceDependencies" name="test_invoice_settings" time="0.264" /></testsuite></testsuites>