<?xml version="1.0" encoding="utf-8"?><testsuites name="pytest tests"><testsuite name="pytest" errors="0" failures="0" skipped="0" tests="9" time="0.674" timestamp="2026-02-08T01:04:35.984431+00:00" hostname="agent-env-b88d7ce4-9c9c-41fa-ace2-2590ca2e300b"><testcase classname="backend.tests.test_item_bogo_discount_bugs.TestGlobalItemDiscount" name="test_global_item_discount_applies_to_all_cart_items" time="0.363" /><testcase classname="backend.tests.test_item_bogo_discount_bugs.TestGlobalItemDiscount" name="test_item_discount_name_shows_in_breakdown" time="0.055" /><testcase classname="backend.tests.test_item_bogo_discount_bugs.TestBOGOGlobalBehavior" name="test_global_bogo_applies_to_all_items" time="0.054" /><testcase classname="backend.tests.test_item_bogo_discount_bugs.TestBOGOGlobalBehavior" name="test_global_bogo_buy_2_get_1_free" time="0.012" /><testcase classname="backend.tests.test_item_bogo_discount_bugs.TestBOGOSpecificItems" name="test_bogo_with_specific_items_only_applies_to_those" time="0.037" /><testcase classname="backend.tests.test_item_bogo_discount_bugs.TestBOGOEmptyItemIds" name="test_verify_bogo_empty_array_logic" time="0.011" /><testcase classname="backend.tests.test_item_bogo_discount_bugs.TestTotalDiscountCalculation" name="test_total_discount_matches_expected" time="0.052" /><testcase classname="backend.tests.test_item_bogo_discount_bugs.TestTotalDiscountCalculation" name="test_discount_names_in_breakdown" time="0.018" /><testcase classname="backend.tests.test_item_bogo_discount_bugs.TestItemSpecificDiscount" name="test_item_specific_discount_not_global" time="0.010" /></testsuite></testsuites>