<?xml version="1.0" encoding="utf-8"?><testsuites name="pytest tests"><testsuite name="pytest" errors="0" failures="0" skipped="0" tests="15" time="1.989" timestamp="2026-02-09T12:50:33.974643+00:00" hostname="agent-env-047ea19c-16f3-439c-adae-97fbd4c100a5"><testcase classname="backend.tests.test_iteration_56.TestAuth" name="test_login_superadmin" time="0.332" /><testcase classname="backend.tests.test_iteration_56.TestAutoHealReports" name="test_get_autoheal_reports" time="0.318" /><testcase classname="backend.tests.test_iteration_56.TestAutoHealReports" name="test_get_autoheal_stats" time="0.056" /><testcase classname="backend.tests.test_iteration_56.TestAutoHealReports" name="test_delete_autoheal_report_not_found" time="0.045" /><testcase classname="backend.tests.test_iteration_56.TestEnhancedAIAgents" name="test_get_available_agents" time="0.330" /><testcase classname="backend.tests.test_iteration_56.TestEnhancedAIAgents" name="test_process_business_agent" time="0.057" /><testcase classname="backend.tests.test_iteration_56.TestEnhancedAIAgents" name="test_process_assistant_agent" time="0.049" /><testcase classname="backend.tests.test_iteration_56.TestEnhancedAIAgents" name="test_process_operations_agent" time="0.044" /><testcase classname="backend.tests.test_iteration_56.TestEnhancedAIAgents" name="test_process_analytics_agent" time="0.048" /><testcase classname="backend.tests.test_iteration_56.TestEnhancedAIAgents" name="test_process_invalid_agent" time="0.047" /><testcase classname="backend.tests.test_iteration_56.TestTeamChat" name="test_get_chat_messages" time="0.351" /><testcase classname="backend.tests.test_iteration_56.TestTeamChat" name="test_post_chat_message" time="0.057" /><testcase classname="backend.tests.test_iteration_56.TestTeamChat" name="test_delete_own_message" time="0.134" /><testcase classname="backend.tests.test_iteration_56.TestTeamChat" name="test_get_users_online" time="0.047" /><testcase classname="backend.tests.test_iteration_56.TestWebSocketEndpoint" name="test_websocket_url_construction" time="0.000" /></testsuite></testsuites>