<?xml version="1.0" encoding="utf-8"?><testsuites name="pytest tests"><testsuite name="pytest" errors="0" failures="0" skipped="0" tests="24" time="9.481" timestamp="2026-02-16T16:36:09.223073+00:00" hostname="agent-env-8cfc1970-9a1f-4f5c-97d4-0f90e1886d00"><testcase classname="tests.test_ledger_module.TestLedgerHeadsCRUD" name="test_get_ledger_heads" time="1.031" /><testcase classname="tests.test_ledger_module.TestLedgerHeadsCRUD" name="test_create_ledger_head" time="0.128" /><testcase classname="tests.test_ledger_module.TestLedgerHeadsCRUD" name="test_create_duplicate_head_fails" time="0.334" /><testcase classname="tests.test_ledger_module.TestLedgerEntriesCRUD" name="test_get_ledger_entries" time="0.573" /><testcase classname="tests.test_ledger_module.TestLedgerEntriesCRUD" name="test_create_receipt_entry_with_auto_voucher" time="0.333" /><testcase classname="tests.test_ledger_module.TestLedgerEntriesCRUD" name="test_create_payment_entry_with_auto_voucher" time="0.239" /><testcase classname="tests.test_ledger_module.TestLedgerEntriesCRUD" name="test_running_balance_calculation" time="0.753" /><testcase classname="tests.test_ledger_module.TestValidations" name="test_future_date_rejected" time="0.665" /><testcase classname="tests.test_ledger_module.TestValidations" name="test_negative_amount_rejected" time="0.182" /><testcase classname="tests.test_ledger_module.TestValidations" name="test_zero_amount_rejected" time="0.221" /><testcase classname="tests.test_ledger_module.TestFilters" name="test_filter_by_date_range" time="0.526" /><testcase classname="tests.test_ledger_module.TestFilters" name="test_filter_by_payment_mode" time="0.125" /><testcase classname="tests.test_ledger_module.TestFilters" name="test_filter_by_entry_type" time="0.152" /><testcase classname="tests.test_ledger_module.TestFilters" name="test_search_filter" time="0.206" /><testcase classname="tests.test_ledger_module.TestReports" name="test_monthly_summary_report" time="0.557" /><testcase classname="tests.test_ledger_module.TestReports" name="test_cash_book_report" time="0.153" /><testcase classname="tests.test_ledger_module.TestReports" name="test_bank_book_report" time="0.134" /><testcase classname="tests.test_ledger_module.TestReports" name="test_day_wise_report" time="0.189" /><testcase classname="tests.test_ledger_module.TestLedgerSettings" name="test_get_settings" time="0.515" /><testcase classname="tests.test_ledger_module.TestLedgerSettings" name="test_update_opening_balance" time="0.367" /><testcase classname="tests.test_ledger_module.TestEditDelete" name="test_update_entry" time="0.996" /><testcase classname="tests.test_ledger_module.TestEditDelete" name="test_delete_entry" time="0.110" /><testcase classname="tests.test_ledger_module.TestExports" name="test_excel_export" time="0.656" /><testcase classname="tests.test_ledger_module.TestExports" name="test_pdf_export" time="0.229" /></testsuite></testsuites>