<?xml version="1.0" encoding="utf-8"?><testsuites name="pytest tests"><testsuite name="pytest" errors="0" failures="1" skipped="0" tests="29" time="6.554" timestamp="2026-02-14T03:28:41.354186+00:00" hostname="agent-env-35367dc7-1028-49de-a3aa-b8b5fab79ed1"><testcase classname="backend.tests.test_live_error_monitoring.TestLiveErrorMonitoringAPIs" name="test_get_live_errors_basic" time="0.635" /><testcase classname="backend.tests.test_live_error_monitoring.TestLiveErrorMonitoringAPIs" name="test_get_live_errors_with_filters" time="0.117" /><testcase classname="backend.tests.test_live_error_monitoring.TestLiveErrorMonitoringAPIs" name="test_get_live_errors_filter_by_severity" time="0.145" /><testcase classname="backend.tests.test_live_error_monitoring.TestLiveErrorMonitoringAPIs" name="test_get_live_errors_filter_by_status" time="0.141" /><testcase classname="backend.tests.test_live_error_monitoring.TestLiveErrorMonitoringAPIs" name="test_get_live_errors_unauthenticated" time="0.121" /><testcase classname="backend.tests.test_live_error_monitoring.TestLiveErrorMonitoringAPIs" name="test_report_error_basic" time="0.123" /><testcase classname="backend.tests.test_live_error_monitoring.TestLiveErrorMonitoringAPIs" name="test_report_error_with_file_path" time="0.139" /><testcase classname="backend.tests.test_live_error_monitoring.TestLiveErrorMonitoringAPIs" name="test_report_error_with_stack_trace" time="0.157" /><testcase classname="backend.tests.test_live_error_monitoring.TestLiveErrorMonitoringAPIs" name="test_report_critical_error" time="0.134" /><testcase classname="backend.tests.test_live_error_monitoring.TestLiveErrorMonitoringAPIs" name="test_report_error_with_auto_route" time="0.216" /><testcase classname="backend.tests.test_live_error_monitoring.TestLiveErrorMonitoringAPIs" name="test_report_error_unauthenticated" time="0.107" /><testcase classname="backend.tests.test_live_error_monitoring.TestLiveErrorMonitoringAPIs" name="test_resolve_error" time="0.410" /><testcase classname="backend.tests.test_live_error_monitoring.TestLiveErrorMonitoringAPIs" name="test_resolve_error_with_custom_resolution" time="0.396" /><testcase classname="backend.tests.test_live_error_monitoring.TestLiveErrorMonitoringAPIs" name="test_resolve_nonexistent_error" time="0.165" /><testcase classname="backend.tests.test_live_error_monitoring.TestLiveErrorMonitoringAPIs" name="test_get_error_timeline_basic" time="0.118" /><testcase classname="backend.tests.test_live_error_monitoring.TestLiveErrorMonitoringAPIs" name="test_get_error_timeline_custom_hours" time="0.120" /><testcase classname="backend.tests.test_live_error_monitoring.TestLiveErrorMonitoringAPIs" name="test_get_error_timeline_unauthenticated" time="0.151" /><testcase classname="backend.tests.test_live_error_monitoring.TestLiveErrorMonitoringAPIs" name="test_get_error_details" time="0.253" /><testcase classname="backend.tests.test_live_error_monitoring.TestLiveErrorMonitoringAPIs" name="test_get_error_details_not_found" time="0.117" /><testcase classname="backend.tests.test_live_error_monitoring.TestLiveErrorMonitoringAPIs" name="test_acknowledge_error" time="0.267" /><testcase classname="backend.tests.test_live_error_monitoring.TestLiveErrorMonitoringAPIs" name="test_full_error_lifecycle" time="0.646" /><testcase classname="backend.tests.test_live_error_monitoring.TestLiveErrorSeverityDetection" name="test_critical_severity_detection" time="0.478" /><testcase classname="backend.tests.test_live_error_monitoring.TestLiveErrorSeverityDetection" name="test_high_severity_detection" time="0.122" /><testcase classname="backend.tests.test_live_error_monitoring.TestLiveErrorSeverityDetection" name="test_medium_severity_detection" time="0.120"><failure message="AssertionError: assert 'low' == 'medium'&#10;  &#10;  - medium&#10;  + low">backend/tests/test_live_error_monitoring.py:583: in test_medium_severity_detection
    assert response.json()["severity"] == "medium"
E   AssertionError: assert 'low' == 'medium'
E     
E     - medium
E     + low</failure></testcase><testcase classname="backend.tests.test_live_error_monitoring.TestLiveErrorSeverityDetection" name="test_low_severity_default" time="0.157" /><testcase classname="backend.tests.test_live_error_monitoring.TestLiveErrorCategoryRouting" name="test_javascript_category" time="0.488" /><testcase classname="backend.tests.test_live_error_monitoring.TestLiveErrorCategoryRouting" name="test_react_category" time="0.125" /><testcase classname="backend.tests.test_live_error_monitoring.TestLiveErrorCategoryRouting" name="test_python_category" time="0.114" /><testcase classname="backend.tests.test_live_error_monitoring.TestLiveErrorCategoryRouting" name="test_database_category" time="0.116" /></testsuite></testsuites>