<?xml version="1.0" encoding="utf-8"?><testsuites name="pytest tests"><testsuite name="pytest" errors="0" failures="0" skipped="0" tests="6" time="4.259" timestamp="2026-02-09T22:10:06.187983+00:00" hostname="agent-env-70b101a0-dd5f-4d56-93c6-27f095fdd322"><testcase classname="backend.tests.test_loyalty_employee_cards.TestLoyaltyCardAPI" name="test_loyalty_card_returns_business_info" time="3.016" /><testcase classname="backend.tests.test_loyalty_employee_cards.TestLoyaltyCardAPI" name="test_loyalty_card_not_found" time="0.285" /><testcase classname="backend.tests.test_loyalty_employee_cards.TestLoyaltyCardAPI" name="test_loyalty_card_requires_auth" time="0.271" /><testcase classname="backend.tests.test_loyalty_employee_cards.TestEmployeeIDCardAPI" name="test_employee_id_card_returns_business_info" time="0.283" /><testcase classname="backend.tests.test_loyalty_employee_cards.TestEmployeeIDCardAPI" name="test_employee_id_card_not_found" time="0.285" /><testcase classname="backend.tests.test_loyalty_employee_cards.TestEmployeeIDCardAPI" name="test_employee_id_card_requires_auth" time="0.039" /></testsuite></testsuites>