<?xml version="1.0" encoding="utf-8"?><testsuites name="pytest tests"><testsuite name="pytest" errors="0" failures="0" skipped="0" tests="17" time="1.421" timestamp="2026-02-02T16:07:21.709134+00:00" hostname="agent-env-12d32b81-bc4f-4e5c-82c9-be4e6ec22e62"><testcase classname="backend.tests.test_offline_mode.TestOfflineDataCaching" name="test_get_items_for_cache" time="0.339" /><testcase classname="backend.tests.test_offline_mode.TestOfflineDataCaching" name="test_get_variants_for_cache" time="0.043" /><testcase classname="backend.tests.test_offline_mode.TestOfflineDataCaching" name="test_get_customers_for_cache" time="0.036" /><testcase classname="backend.tests.test_offline_mode.TestOfflineDataCaching" name="test_get_stores_for_cache" time="0.040" /><testcase classname="backend.tests.test_offline_mode.TestOfflineDataCaching" name="test_get_vouchers_for_cache" time="0.041" /><testcase classname="backend.tests.test_offline_mode.TestOfflineDataCaching" name="test_get_loyalty_settings_for_cache" time="0.077" /><testcase classname="backend.tests.test_offline_mode.TestOfflineDataCaching" name="test_get_discounts_endpoint_exists" time="0.040" /><testcase classname="backend.tests.test_offline_mode.TestOfflineDataCaching" name="test_get_item_discounts_exists" time="0.041" /><testcase classname="backend.tests.test_offline_mode.TestOfflineDataCaching" name="test_get_tiered_discounts_exists" time="0.038" /><testcase classname="backend.tests.test_offline_mode.TestOfflineSalesSync" name="test_create_sale_online" time="0.115" /><testcase classname="backend.tests.test_offline_mode.TestOfflineSalesSync" name="test_create_offline_sale_sync" time="0.124" /><testcase classname="backend.tests.test_offline_mode.TestOfflineSalesSync" name="test_get_sales_list" time="0.041" /><testcase classname="backend.tests.test_offline_mode.TestVoucherValidation" name="test_create_and_validate_voucher" time="0.111" /><testcase classname="backend.tests.test_offline_mode.TestVoucherValidation" name="test_validate_invalid_voucher" time="0.042" /><testcase classname="backend.tests.test_offline_mode.TestVoucherValidation" name="test_validate_voucher_min_purchase" time="0.121" /><testcase classname="backend.tests.test_offline_mode.TestLoyaltySettings" name="test_get_loyalty_settings" time="0.048" /><testcase classname="backend.tests.test_offline_mode.TestCleanup" name="test_cleanup_test_vouchers" time="0.042" /></testsuite></testsuites>