<?xml version="1.0" encoding="utf-8"?><testsuites name="pytest tests"><testsuite name="pytest" errors="0" failures="1" skipped="0" tests="13" time="1.138" timestamp="2026-02-11T18:21:29.415710+00:00" hostname="agent-env-6f734ff9-8001-4bb6-9208-ce026219c844"><testcase classname="backend.tests.test_p0_enhancements.TestUIBlinkAutoConfig" name="test_get_auto_config" time="0.363" /><testcase classname="backend.tests.test_p0_enhancements.TestUIBlinkEnableAuto" name="test_enable_auto_mode" time="0.021"><failure message="AssertionError: Response should contain 'enabled' field&#10;assert 'enabled' in {'auto_mode': {'auto_apply_safe_fixes': True, 'config_type': 'auto_mode', 'enabled': True, 'scan_on_change': True, ...}, 'status': 'success'}">backend/tests/test_p0_enhancements.py:79: in test_enable_auto_mode
    assert "enabled" in data, "Response should contain 'enabled' field"
E   AssertionError: Response should contain 'enabled' field
E   assert 'enabled' in {'auto_mode': {'auto_apply_safe_fixes': True, 'config_type': 'auto_mode', 'enabled': True, 'scan_on_change': True, ...}, 'status': 'success'}</failure></testcase><testcase classname="backend.tests.test_p0_enhancements.TestUIBlinkEnableAuto" name="test_disable_auto_mode" time="0.014" /><testcase classname="backend.tests.test_p0_enhancements.TestUIBlinkWebhook" name="test_webhook_trigger_disabled" time="0.043" /><testcase classname="backend.tests.test_p0_enhancements.TestUIBlinkWebhook" name="test_webhook_trigger_enabled" time="0.035" /><testcase classname="backend.tests.test_p0_enhancements.TestErrorAutoFixScanAll" name="test_scan_all_errors" time="0.231" /><testcase classname="backend.tests.test_p0_enhancements.TestErrorAutoFixScanAPI" name="test_scan_api_errors" time="0.036" /><testcase classname="backend.tests.test_p0_enhancements.TestErrorAutoFixScanLogin" name="test_scan_login_errors" time="0.120" /><testcase classname="backend.tests.test_p0_enhancements.TestPerformanceCodeSplitting" name="test_apply_code_splitting" time="0.012" /><testcase classname="backend.tests.test_p0_enhancements.TestPerformanceAssetAnalysis" name="test_get_asset_analysis" time="0.013" /><testcase classname="backend.tests.test_p0_enhancements.TestPerformanceFullOptimization" name="test_run_full_optimization" time="0.076" /><testcase classname="backend.tests.test_p0_enhancements.TestErrorAutoFixDashboard" name="test_get_dashboard" time="0.025" /><testcase classname="backend.tests.test_p0_enhancements.TestPerformanceDashboard" name="test_get_dashboard" time="0.059" /></testsuite></testsuites>