<?xml version="1.0" encoding="utf-8"?><testsuites name="pytest tests"><testsuite name="pytest" errors="0" failures="0" skipped="0" tests="25" time="6.366" timestamp="2026-02-08T05:54:51.510986+00:00" hostname="agent-env-9f77bf3d-1b69-42f1-be5f-c61080969995"><testcase classname="tests.test_permission_enforcement.TestAuthSetup" name="test_superadmin_login" time="0.294" /><testcase classname="tests.test_permission_enforcement.TestAuthSetup" name="test_admin_limited_login" time="0.275" /><testcase classname="tests.test_permission_enforcement.TestAuthSetup" name="test_user_no_perms_login" time="0.281" /><testcase classname="tests.test_permission_enforcement.TestSuperadminBypass" name="test_superadmin_access_dashboard" time="0.330" /><testcase classname="tests.test_permission_enforcement.TestSuperadminBypass" name="test_superadmin_access_items" time="0.326" /><testcase classname="tests.test_permission_enforcement.TestSuperadminBypass" name="test_superadmin_access_customers" time="0.342" /><testcase classname="tests.test_permission_enforcement.TestSuperadminBypass" name="test_superadmin_access_inventory" time="0.325" /><testcase classname="tests.test_permission_enforcement.TestSuperadminBypass" name="test_superadmin_access_employees" time="0.314" /><testcase classname="tests.test_permission_enforcement.TestSuperadminBypass" name="test_superadmin_access_ai_agent" time="0.315" /><testcase classname="tests.test_permission_enforcement.TestPermissionDenied" name="test_user_denied_dashboard" time="0.310" /><testcase classname="tests.test_permission_enforcement.TestPermissionDenied" name="test_user_denied_items" time="0.301" /><testcase classname="tests.test_permission_enforcement.TestPermissionDenied" name="test_user_denied_customers" time="0.327" /><testcase classname="tests.test_permission_enforcement.TestPermissionDenied" name="test_user_denied_inventory" time="0.322" /><testcase classname="tests.test_permission_enforcement.TestPermissionDenied" name="test_user_denied_employees" time="0.309" /><testcase classname="tests.test_permission_enforcement.TestPermissionDenied" name="test_user_denied_ai_agent" time="0.300" /><testcase classname="tests.test_permission_enforcement.TestLimitedPermissions" name="test_admin_access_dashboard_if_permitted" time="0.398" /><testcase classname="tests.test_permission_enforcement.TestLimitedPermissions" name="test_admin_access_items_if_permitted" time="0.343" /><testcase classname="tests.test_permission_enforcement.TestLimitedPermissions" name="test_admin_denied_customers_if_not_permitted" time="0.337" /><testcase classname="tests.test_permission_enforcement.TestLimitedPermissions" name="test_admin_denied_inventory_if_not_permitted" time="0.341" /><testcase classname="tests.test_permission_enforcement.TestAuthRequired" name="test_dashboard_requires_auth" time="0.037" /><testcase classname="tests.test_permission_enforcement.TestAuthRequired" name="test_items_requires_auth" time="0.036" /><testcase classname="tests.test_permission_enforcement.TestAuthRequired" name="test_customers_requires_auth" time="0.033" /><testcase classname="tests.test_permission_enforcement.TestAuthRequired" name="test_inventory_requires_auth" time="0.036" /><testcase classname="tests.test_permission_enforcement.TestPermissionEdgeCases" name="test_invalid_token_denied" time="0.037" /><testcase classname="tests.test_permission_enforcement.TestPermissionEdgeCases" name="test_expired_token_like_denied" time="0.034" /></testsuite></testsuites>