<?xml version="1.0" encoding="utf-8"?><testsuites name="pytest tests"><testsuite name="pytest" errors="0" failures="0" skipped="1" tests="14" time="5.244" timestamp="2026-02-13T02:11:51.189423+00:00" hostname="agent-env-de4b801c-1453-496f-afe9-8b8e562123e1"><testcase classname="backend.tests.test_pos_favorites.TestPOSFavoritesAPI" name="test_login_works" time="0.555" /><testcase classname="backend.tests.test_pos_favorites.TestPOSFavoritesAPI" name="test_get_favorites_returns_list" time="0.321" /><testcase classname="backend.tests.test_pos_favorites.TestPOSFavoritesAPI" name="test_get_favorites_with_store_id" time="0.358" /><testcase classname="backend.tests.test_pos_favorites.TestPOSFavoritesAPI" name="test_get_favorites_with_limit" time="0.307" /><testcase classname="backend.tests.test_pos_favorites.TestPOSFavoritesAPI" name="test_add_to_favorites" time="0.358" /><testcase classname="backend.tests.test_pos_favorites.TestPOSFavoritesAPI" name="test_add_duplicate_favorite" time="0.398" /><testcase classname="backend.tests.test_pos_favorites.TestPOSFavoritesAPI" name="test_add_favorite_without_item_id" time="0.342" /><testcase classname="backend.tests.test_pos_favorites.TestPOSFavoritesAPI" name="test_remove_from_favorites" time="0.409" /><testcase classname="backend.tests.test_pos_favorites.TestPOSFavoritesAPI" name="test_remove_non_existent_favorite" time="0.394" /><testcase classname="backend.tests.test_pos_favorites.TestPOSFavoritesAPI" name="test_save_bulk_favorites" time="0.394" /><testcase classname="backend.tests.test_pos_favorites.TestPOSFavoritesAPI" name="test_save_exceeds_max_favorites" time="0.308" /><testcase classname="backend.tests.test_pos_favorites.TestPOSFavoritesAPI" name="test_clear_favorites" time="0.388" /><testcase classname="backend.tests.test_pos_favorites.TestPOSFavoritesAPI" name="test_favorites_have_variant_info" time="0.310" /><testcase classname="backend.tests.test_pos_favorites.TestPOSFavoritesAPI" name="test_favorites_per_store_isolation" time="0.341"><skipped type="pytest.skip" message="Need at least 2 stores for isolation test">/app/backend/tests/test_pos_favorites.py:296: Need at least 2 stores for isolation test</skipped></testcase></testsuite></testsuites>