<?xml version="1.0" encoding="utf-8"?><testsuites name="pytest tests"><testsuite name="pytest" errors="0" failures="0" skipped="0" tests="14" time="6.517" timestamp="2026-02-17T07:19:19.409360+00:00" hostname="agent-env-a39c6734-53b6-46e8-a2c9-66b40a98b15f"><testcase classname="backend.tests.test_purchase_invoice_inventory.TestPurchaseInvoiceInventory" name="test_01_login_success" time="1.803" /><testcase classname="backend.tests.test_purchase_invoice_inventory.TestPurchaseInvoiceInventory" name="test_02_create_purchase_invoice_with_new_item" time="0.332" /><testcase classname="backend.tests.test_purchase_invoice_inventory.TestPurchaseInvoiceInventory" name="test_03_verify_new_item_created_in_items_list" time="1.220" /><testcase classname="backend.tests.test_purchase_invoice_inventory.TestPurchaseInvoiceInventory" name="test_04_verify_variant_created_with_stock" time="0.161" /><testcase classname="backend.tests.test_purchase_invoice_inventory.TestPurchaseInvoiceInventory" name="test_05_verify_inventory_record_created" time="0.119" /><testcase classname="backend.tests.test_purchase_invoice_inventory.TestPurchaseInvoiceInventory" name="test_06_verify_supplier_ledger_shows_transaction" time="0.111" /><testcase classname="backend.tests.test_purchase_invoice_inventory.TestPurchaseInvoiceInventory" name="test_07_create_purchase_with_existing_item_increases_stock" time="1.314" /><testcase classname="backend.tests.test_purchase_invoice_inventory.TestPurchaseInvoiceInventory" name="test_08_verify_items_in_stock_transfer_selector" time="0.256" /><testcase classname="backend.tests.test_purchase_invoice_inventory.TestPurchaseInvoiceInventory" name="test_09_get_stock_transfers_endpoint" time="0.110" /><testcase classname="backend.tests.test_purchase_invoice_inventory.TestPurchaseInvoiceInventory" name="test_10_cleanup_test_data" time="0.109" /><testcase classname="backend.tests.test_purchase_invoice_inventory.TestPurchaseInvoiceEdgeCases" name="test_purchase_invoice_requires_auth" time="0.513" /><testcase classname="backend.tests.test_purchase_invoice_inventory.TestPurchaseInvoiceEdgeCases" name="test_list_purchase_invoices" time="0.159" /><testcase classname="backend.tests.test_purchase_invoice_inventory.TestPurchaseInvoiceEdgeCases" name="test_get_suppliers_list" time="0.097" /><testcase classname="backend.tests.test_purchase_invoice_inventory.TestPurchaseInvoiceEdgeCases" name="test_get_stores_list" time="0.139" /></testsuite></testsuites>