<?xml version="1.0" encoding="utf-8"?><testsuites name="pytest tests"><testsuite name="pytest" errors="0" failures="0" skipped="0" tests="24" time="3.033" timestamp="2026-02-01T07:24:34.786878+00:00" hostname="agent-env-873bf552-e4dd-40d8-9c7b-025442628a50"><testcase classname="backend.tests.test_purchase_discounts.TestAuth" name="test_login_success" time="0.328" /><testcase classname="backend.tests.test_purchase_discounts.TestPurchaseInvoices" name="test_list_purchase_invoices" time="0.326" /><testcase classname="backend.tests.test_purchase_discounts.TestPurchaseInvoices" name="test_get_suppliers_for_invoice" time="0.050" /><testcase classname="backend.tests.test_purchase_discounts.TestPurchaseInvoices" name="test_get_stores_for_invoice" time="0.079" /><testcase classname="backend.tests.test_purchase_discounts.TestPurchaseInvoices" name="test_get_variants_for_invoice" time="0.046" /><testcase classname="backend.tests.test_purchase_discounts.TestPurchaseInvoices" name="test_create_purchase_invoice_without_items" time="0.161" /><testcase classname="backend.tests.test_purchase_discounts.TestPurchaseInvoices" name="test_create_purchase_invoice_with_items" time="0.243" /><testcase classname="backend.tests.test_purchase_discounts.TestPurchaseInvoices" name="test_get_purchase_invoice_by_id" time="0.206" /><testcase classname="backend.tests.test_purchase_discounts.TestPurchaseInvoices" name="test_update_payment_status" time="0.236" /><testcase classname="backend.tests.test_purchase_discounts.TestPurchaseInvoices" name="test_delete_purchase_invoice" time="0.190" /><testcase classname="backend.tests.test_purchase_discounts.TestItemDiscounts" name="test_list_item_discounts" time="0.034" /><testcase classname="backend.tests.test_purchase_discounts.TestItemDiscounts" name="test_create_item_discount_percentage" time="0.072" /><testcase classname="backend.tests.test_purchase_discounts.TestItemDiscounts" name="test_create_item_discount_fixed" time="0.082" /><testcase classname="backend.tests.test_purchase_discounts.TestItemDiscounts" name="test_delete_item_discount" time="0.088" /><testcase classname="backend.tests.test_purchase_discounts.TestBOGOOffers" name="test_list_bogo_offers" time="0.040" /><testcase classname="backend.tests.test_purchase_discounts.TestBOGOOffers" name="test_create_bogo_offer_buy2_get1_free" time="0.078" /><testcase classname="backend.tests.test_purchase_discounts.TestBOGOOffers" name="test_create_bogo_offer_buy1_get1_half" time="0.078" /><testcase classname="backend.tests.test_purchase_discounts.TestBOGOOffers" name="test_delete_bogo_offer" time="0.080" /><testcase classname="backend.tests.test_purchase_discounts.TestTieredDiscounts" name="test_list_tiered_discounts" time="0.038" /><testcase classname="backend.tests.test_purchase_discounts.TestTieredDiscounts" name="test_create_tiered_discount_fixed" time="0.077" /><testcase classname="backend.tests.test_purchase_discounts.TestTieredDiscounts" name="test_create_tiered_discount_percentage" time="0.126" /><testcase classname="backend.tests.test_purchase_discounts.TestTieredDiscounts" name="test_delete_tiered_discount" time="0.081" /><testcase classname="backend.tests.test_purchase_discounts.TestCleanup" name="test_cleanup_test_invoices" time="0.079" /><testcase classname="backend.tests.test_purchase_discounts.TestCleanup" name="test_cleanup_test_discounts" time="0.123" /></testsuite></testsuites>