<?xml version="1.0" encoding="utf-8"?><testsuites name="pytest tests"><testsuite name="pytest" errors="4" failures="0" skipped="0" tests="10" time="6.003" timestamp="2026-02-17T12:27:57.445547+00:00" hostname="agent-env-673ac69c-4852-46f4-ad96-dd1fcd903065"><testcase classname="backend.tests.test_qr_late_hours_isolation.TestEmployeeIDCard" name="test_employee_id_card_returns_qr_data" time="0.738" /><testcase classname="backend.tests.test_qr_late_hours_isolation.TestLateHoursCalculation" name="test_attendance_late_hours_calculation" time="0.955" /><testcase classname="backend.tests.test_qr_late_hours_isolation.TestLateHoursCalculation" name="test_attendance_no_late_hours_on_time" time="0.457" /><testcase classname="backend.tests.test_qr_late_hours_isolation.TestLateHoursCalculation" name="test_attendance_returns_shift_timing" time="0.337" /><testcase classname="backend.tests.test_qr_late_hours_isolation.TestLateHoursCalculation" name="test_get_attendance_includes_late_hours" time="0.419" /><testcase classname="backend.tests.test_qr_late_hours_isolation.TestDataIsolation" name="test_get_item_requires_tenant_match" time="0.761"><error message="failed on setup with &quot;AssertionError: Test admin login failed: {&quot;detail&quot;:&quot;Invalid credentials&quot;}&#10;assert 401 == 200&#10; +  where 401 = &lt;Response [401]&gt;.status_code&quot;">backend/tests/test_qr_late_hours_isolation.py:38: in test_admin_token
    assert response.status_code == 200, f"Test admin login failed: {response.text}"
E   AssertionError: Test admin login failed: {"detail":"Invalid credentials"}
E   assert 401 == 200
E    +  where 401 = &lt;Response [401]&gt;.status_code</error></testcase><testcase classname="backend.tests.test_qr_late_hours_isolation.TestDataIsolation" name="test_items_list_filtered_by_tenant" time="0.000"><error message="failed on setup with &quot;AssertionError: Test admin login failed: {&quot;detail&quot;:&quot;Invalid credentials&quot;}&#10;assert 401 == 200&#10; +  where 401 = &lt;Response [401]&gt;.status_code&quot;">backend/tests/test_qr_late_hours_isolation.py:38: in test_admin_token
    assert response.status_code == 200, f"Test admin login failed: {response.text}"
E   AssertionError: Test admin login failed: {"detail":"Invalid credentials"}
E   assert 401 == 200
E    +  where 401 = &lt;Response [401]&gt;.status_code</error></testcase><testcase classname="backend.tests.test_qr_late_hours_isolation.TestVariantIsolation" name="test_update_variant_requires_tenant_match" time="0.717"><error message="failed on setup with &quot;AssertionError: Test admin login failed: {&quot;detail&quot;:&quot;Invalid credentials&quot;}&#10;assert 401 == 200&#10; +  where 401 = &lt;Response [401]&gt;.status_code&quot;">backend/tests/test_qr_late_hours_isolation.py:38: in test_admin_token
    assert response.status_code == 200, f"Test admin login failed: {response.text}"
E   AssertionError: Test admin login failed: {"detail":"Invalid credentials"}
E   assert 401 == 200
E    +  where 401 = &lt;Response [401]&gt;.status_code</error></testcase><testcase classname="backend.tests.test_qr_late_hours_isolation.TestVariantIsolation" name="test_delete_variant_requires_tenant_match" time="0.000"><error message="failed on setup with &quot;AssertionError: Test admin login failed: {&quot;detail&quot;:&quot;Invalid credentials&quot;}&#10;assert 401 == 200&#10; +  where 401 = &lt;Response [401]&gt;.status_code&quot;">backend/tests/test_qr_late_hours_isolation.py:38: in test_admin_token
    assert response.status_code == 200, f"Test admin login failed: {response.text}"
E   AssertionError: Test admin login failed: {"detail":"Invalid credentials"}
E   assert 401 == 200
E    +  where 401 = &lt;Response [401]&gt;.status_code</error></testcase><testcase classname="backend.tests.test_qr_late_hours_isolation.TestCleanup" name="test_cleanup_test_attendance" time="1.513" /></testsuite></testsuites>