<?xml version="1.0" encoding="utf-8"?><testsuites name="pytest tests"><testsuite name="pytest" errors="0" failures="0" skipped="0" tests="29" time="8.753" timestamp="2026-02-06T10:22:48.297243+00:00" hostname="agent-env-74e4e8d4-4eba-48ee-a8cd-496c29a22d3f"><testcase classname="backend.tests.test_rbac_module.TestRBACModule" name="test_01_get_permission_templates" time="0.295" /><testcase classname="backend.tests.test_rbac_module.TestRBACModule" name="test_02_create_custom_permission_template" time="0.275" /><testcase classname="backend.tests.test_rbac_module.TestRBACModule" name="test_03_delete_custom_permission_template" time="0.285" /><testcase classname="backend.tests.test_rbac_module.TestRBACModule" name="test_04_cannot_delete_system_template" time="0.303" /><testcase classname="backend.tests.test_rbac_module.TestRBACModule" name="test_05_clone_role" time="0.281" /><testcase classname="backend.tests.test_rbac_module.TestRBACModule" name="test_06_clone_nonexistent_role" time="0.273" /><testcase classname="backend.tests.test_rbac_module.TestRBACModule" name="test_07_get_all_sessions" time="0.274" /><testcase classname="backend.tests.test_rbac_module.TestRBACModule" name="test_08_get_user_sessions" time="0.281" /><testcase classname="backend.tests.test_rbac_module.TestRBACModule" name="test_09_revoke_session" time="0.315" /><testcase classname="backend.tests.test_rbac_module.TestRBACModule" name="test_10_revoke_all_user_sessions" time="0.269" /><testcase classname="backend.tests.test_rbac_module.TestRBACModule" name="test_11_get_login_history" time="0.272" /><testcase classname="backend.tests.test_rbac_module.TestRBACModule" name="test_12_get_login_history_with_filters" time="0.270" /><testcase classname="backend.tests.test_rbac_module.TestRBACModule" name="test_13_get_login_history_summary" time="0.311" /><testcase classname="backend.tests.test_rbac_module.TestRBACModule" name="test_14_get_ip_whitelist" time="0.269" /><testcase classname="backend.tests.test_rbac_module.TestRBACModule" name="test_15_update_ip_whitelist" time="0.321" /><testcase classname="backend.tests.test_rbac_module.TestRBACModule" name="test_16_get_access_schedules" time="0.307" /><testcase classname="backend.tests.test_rbac_module.TestRBACModule" name="test_17_create_access_schedule" time="0.273" /><testcase classname="backend.tests.test_rbac_module.TestRBACModule" name="test_18_delete_access_schedule" time="0.628" /><testcase classname="backend.tests.test_rbac_module.TestRBACModule" name="test_19_get_api_keys" time="0.288" /><testcase classname="backend.tests.test_rbac_module.TestRBACModule" name="test_20_create_api_key" time="0.309" /><testcase classname="backend.tests.test_rbac_module.TestRBACModule" name="test_21_revoke_api_key" time="0.321" /><testcase classname="backend.tests.test_rbac_module.TestRBACModule" name="test_22_get_activity_log" time="0.271" /><testcase classname="backend.tests.test_rbac_module.TestRBACModule" name="test_23_get_activity_log_with_filters" time="0.273" /><testcase classname="backend.tests.test_rbac_module.TestRBACModule" name="test_24_export_activity_log" time="0.265" /><testcase classname="backend.tests.test_rbac_module.TestRBACModule" name="test_25_bulk_update_permissions" time="0.282" /><testcase classname="backend.tests.test_rbac_module.TestRBACModule" name="test_26_check_permission" time="0.270" /><testcase classname="backend.tests.test_rbac_module.TestRBACModule" name="test_27_check_permission_for_other_user" time="0.309" /><testcase classname="backend.tests.test_rbac_module.TestRBACModule" name="test_28_get_rbac_stats" time="0.285" /><testcase classname="backend.tests.test_rbac_module.TestRBACModule" name="test_29_staff_cannot_access_admin_endpoints" time="0.318" /></testsuite></testsuites>