<?xml version="1.0" encoding="utf-8"?><testsuites name="pytest tests"><testsuite name="pytest" errors="0" failures="0" skipped="0" tests="27" time="3.894" timestamp="2026-02-02T09:49:17.779052+00:00" hostname="agent-env-f8293f92-ba20-4299-a28c-790322426bf6"><testcase classname="backend.tests.test_rbac_discounts_transfers.TestAuth" name="test_login_success" time="0.287" /><testcase classname="backend.tests.test_rbac_discounts_transfers.TestRBACPermissions" name="test_list_users" time="0.300" /><testcase classname="backend.tests.test_rbac_discounts_transfers.TestRBACPermissions" name="test_list_roles" time="0.037" /><testcase classname="backend.tests.test_rbac_discounts_transfers.TestRBACPermissions" name="test_create_custom_role" time="0.038" /><testcase classname="backend.tests.test_rbac_discounts_transfers.TestRBACPermissions" name="test_update_user_permissions" time="0.074" /><testcase classname="backend.tests.test_rbac_discounts_transfers.TestRBACPermissions" name="test_get_permission_modules" time="0.037" /><testcase classname="backend.tests.test_rbac_discounts_transfers.TestItemDiscounts" name="test_list_item_discounts" time="0.297" /><testcase classname="backend.tests.test_rbac_discounts_transfers.TestItemDiscounts" name="test_create_item_discount_all_items" time="0.035" /><testcase classname="backend.tests.test_rbac_discounts_transfers.TestItemDiscounts" name="test_create_item_discount_selected_items" time="0.073" /><testcase classname="backend.tests.test_rbac_discounts_transfers.TestBOGOOffers" name="test_list_bogo_offers" time="0.297" /><testcase classname="backend.tests.test_rbac_discounts_transfers.TestBOGOOffers" name="test_create_bogo_offer" time="0.074" /><testcase classname="backend.tests.test_rbac_discounts_transfers.TestTieredDiscounts" name="test_list_tiered_discounts" time="0.294" /><testcase classname="backend.tests.test_rbac_discounts_transfers.TestTieredDiscounts" name="test_create_tiered_discount" time="0.033" /><testcase classname="backend.tests.test_rbac_discounts_transfers.TestStockTransfers" name="test_list_stock_transfers" time="0.307" /><testcase classname="backend.tests.test_rbac_discounts_transfers.TestStockTransfers" name="test_create_stock_transfer" time="0.143" /><testcase classname="backend.tests.test_rbac_discounts_transfers.TestStockTransfers" name="test_approve_stock_transfer" time="0.114" /><testcase classname="backend.tests.test_rbac_discounts_transfers.TestStockTransfers" name="test_receive_stock_transfer" time="0.074" /><testcase classname="backend.tests.test_rbac_discounts_transfers.TestStockTransfers" name="test_get_pending_receipt_transfers" time="0.039" /><testcase classname="backend.tests.test_rbac_discounts_transfers.TestDashboard" name="test_dashboard_stats" time="0.337" /><testcase classname="backend.tests.test_rbac_discounts_transfers.TestDashboard" name="test_recent_sales" time="0.037" /><testcase classname="backend.tests.test_rbac_discounts_transfers.TestDashboard" name="test_low_stock_items" time="0.036" /><testcase classname="backend.tests.test_rbac_discounts_transfers.TestInvoices" name="test_list_invoices" time="0.295" /><testcase classname="backend.tests.test_rbac_discounts_transfers.TestInvoices" name="test_get_invoice_settings" time="0.034" /><testcase classname="backend.tests.test_rbac_discounts_transfers.TestCleanup" name="test_cleanup_test_roles" time="0.329" /><testcase classname="backend.tests.test_rbac_discounts_transfers.TestCleanup" name="test_cleanup_test_discounts" time="0.036" /><testcase classname="backend.tests.test_rbac_discounts_transfers.TestCleanup" name="test_cleanup_test_bogo" time="0.071" /><testcase classname="backend.tests.test_rbac_discounts_transfers.TestCleanup" name="test_cleanup_test_tiered" time="0.072" /></testsuite></testsuites>