<?xml version="1.0" encoding="utf-8"?><testsuites name="pytest tests"><testsuite name="pytest" errors="0" failures="0" skipped="0" tests="16" time="70.295" timestamp="2026-02-20T00:32:16.770954+00:00" hostname="agent-env-ea083d2b-13d0-4156-92f5-3cf54f2bae25"><testcase classname="tests.test_real_autoheal_admin_delete.TestAuth" name="test_superadmin_login" time="10.631" /><testcase classname="tests.test_real_autoheal_admin_delete.TestRealAutoHealAgent" name="test_real_autoheal_dashboard" time="0.520" /><testcase classname="tests.test_real_autoheal_admin_delete.TestRealAutoHealAgent" name="test_real_autoheal_scan" time="0.170" /><testcase classname="tests.test_real_autoheal_admin_delete.TestRealAutoHealAgent" name="test_real_autoheal_start_monitoring" time="0.121" /><testcase classname="tests.test_real_autoheal_admin_delete.TestRealAutoHealAgent" name="test_real_autoheal_stop_monitoring" time="0.110" /><testcase classname="tests.test_real_autoheal_admin_delete.TestRealAutoHealAgent" name="test_real_autoheal_get_errors" time="0.128" /><testcase classname="tests.test_real_autoheal_admin_delete.TestRealAutoHealAgent" name="test_real_autoheal_get_fixes" time="0.151" /><testcase classname="tests.test_real_autoheal_admin_delete.TestRealAutoHealAgent" name="test_real_autoheal_dashboard_after_scan" time="0.114" /><testcase classname="tests.test_real_autoheal_admin_delete.TestAdminDeleteItems" name="test_create_and_delete_item" time="14.077" /><testcase classname="tests.test_real_autoheal_admin_delete.TestAdminDeleteSuppliers" name="test_create_and_delete_supplier" time="15.515" /><testcase classname="tests.test_real_autoheal_admin_delete.TestAdminDeleteCustomers" name="test_create_and_delete_customer" time="0.694" /><testcase classname="tests.test_real_autoheal_admin_delete.TestAdminDeleteEmployees" name="test_create_and_delete_employee" time="13.238" /><testcase classname="tests.test_real_autoheal_admin_delete.TestAdminDeleteInventory" name="test_delete_inventory_record" time="0.465" /><testcase classname="tests.test_real_autoheal_admin_delete.TestAdminDeleteInvoices" name="test_admin_can_access_invoices_delete_endpoint" time="12.656" /><testcase classname="tests.test_real_autoheal_admin_delete.TestAdminDeletePurchaseInvoices" name="test_admin_can_access_purchase_invoices_delete_endpoint" time="0.515" /><testcase classname="tests.test_real_autoheal_admin_delete.TestNonAdminDeletePermissions" name="test_is_admin_or_higher_function_exists" time="0.664" /></testsuite></testsuites>