<?xml version="1.0" encoding="utf-8"?><testsuites name="pytest tests"><testsuite name="pytest" errors="0" failures="1" skipped="0" tests="13" time="2.925" timestamp="2026-02-09T17:40:24.249176+00:00" hostname="agent-env-f741e6bd-fb38-43d4-bdeb-f9b8a24291c4"><testcase classname="backend.tests.test_recycle_bin_face_attendance.TestAuthentication" name="test_login_success" time="0.301" /><testcase classname="backend.tests.test_recycle_bin_face_attendance.TestRecycleBin" name="test_get_recycle_bin" time="0.313" /><testcase classname="backend.tests.test_recycle_bin_face_attendance.TestRecycleBin" name="test_get_recycle_bin_with_filter" time="0.039" /><testcase classname="backend.tests.test_recycle_bin_face_attendance.TestRecycleBin" name="test_recycle_bin_flow" time="0.386" /><testcase classname="backend.tests.test_recycle_bin_face_attendance.TestFaceAttendanceAPIs" name="test_get_face_registrations" time="0.347" /><testcase classname="backend.tests.test_recycle_bin_face_attendance.TestFaceAttendanceAPIs" name="test_get_employee_face_status" time="0.084" /><testcase classname="backend.tests.test_recycle_bin_face_attendance.TestFaceAttendanceAPIs" name="test_face_verify_no_image" time="0.040"><failure message="AssertionError: Unexpected status: 200&#10;assert 200 in [400, 422]&#10; +  where 200 = &lt;Response [200]&gt;.status_code">backend/tests/test_recycle_bin_face_attendance.py:219: in test_face_verify_no_image
    assert response.status_code in [400, 422], f"Unexpected status: {response.status_code}"
E   AssertionError: Unexpected status: 200
E   assert 200 in [400, 422]
E    +  where 200 = &lt;Response [200]&gt;.status_code</failure></testcase><testcase classname="backend.tests.test_recycle_bin_face_attendance.TestFaceAttendanceAPIs" name="test_face_register_invalid_employee" time="0.042" /><testcase classname="backend.tests.test_recycle_bin_face_attendance.TestEmployeeDeleteSoftDelete" name="test_employee_delete_returns_recycle_bin_id" time="0.425" /><testcase classname="backend.tests.test_recycle_bin_face_attendance.TestRecycleBinPermanentDelete" name="test_permanent_delete" time="0.460" /><testcase classname="backend.tests.test_recycle_bin_face_attendance.TestStoresAndEmployeesForFaceAttendance" name="test_stores_endpoint" time="0.303" /><testcase classname="backend.tests.test_recycle_bin_face_attendance.TestStoresAndEmployeesForFaceAttendance" name="test_employees_endpoint" time="0.042" /><testcase classname="backend.tests.test_recycle_bin_face_attendance.TestStoresAndEmployeesForFaceAttendance" name="test_attendance_endpoint" time="0.040" /></testsuite></testsuites>