<?xml version="1.0" encoding="utf-8"?><testsuites name="pytest tests"><testsuite name="pytest" errors="0" failures="0" skipped="0" tests="7" time="2.288" timestamp="2026-02-09T07:18:01.958874+00:00" hostname="agent-env-047ea19c-16f3-439c-adae-97fbd4c100a5"><testcase classname="backend.tests.test_salary_calculator.TestSalaryCalculatorAutoCalculate" name="test_get_employees_list" time="0.376" /><testcase classname="backend.tests.test_salary_calculator.TestSalaryCalculatorAutoCalculate" name="test_auto_calculate_with_salary_info_configured" time="0.307" /><testcase classname="backend.tests.test_salary_calculator.TestSalaryCalculatorAutoCalculate" name="test_auto_calculate_with_null_salary_info_bug_fix" time="0.306" /><testcase classname="backend.tests.test_salary_calculator.TestSalaryCalculatorAutoCalculate" name="test_auto_calculate_invalid_employee_id" time="0.309" /><testcase classname="backend.tests.test_salary_calculator.TestSalaryCalculatorAutoCalculate" name="test_auto_calculate_attendance_data" time="0.308" /><testcase classname="backend.tests.test_salary_calculator.TestSalaryCalculatorAutoCalculate" name="test_auto_calculate_period_parameters" time="0.307" /><testcase classname="backend.tests.test_salary_calculator.TestSalaryCalculatorAutoCalculate" name="test_auto_calculate_hourly_deduction" time="0.305" /></testsuite></testsuites>