<?xml version="1.0" encoding="utf-8"?><testsuites name="pytest tests"><testsuite name="pytest" errors="0" failures="0" skipped="0" tests="13" time="4.068" timestamp="2026-02-12T01:43:22.805770+00:00" hostname="agent-env-ec5b4290-e3ed-4ce3-8038-a98c3f371cd9"><testcase classname="tests.test_sales_export.TestSalesExport" name="test_excel_export_all_payments_success" time="0.396" /><testcase classname="tests.test_sales_export.TestSalesExport" name="test_excel_export_cash_payments" time="0.297" /><testcase classname="tests.test_sales_export.TestSalesExport" name="test_excel_export_credit_payments" time="0.291" /><testcase classname="tests.test_sales_export.TestSalesExport" name="test_excel_export_upi_payments" time="0.301" /><testcase classname="tests.test_sales_export.TestSalesExport" name="test_excel_export_with_date_range" time="0.303" /><testcase classname="tests.test_sales_export.TestSalesExport" name="test_tally_export_all_payments_success" time="0.296" /><testcase classname="tests.test_sales_export.TestSalesExport" name="test_tally_export_cash_payments" time="0.314" /><testcase classname="tests.test_sales_export.TestSalesExport" name="test_tally_export_with_company_name" time="0.286" /><testcase classname="tests.test_sales_export.TestSalesExport" name="test_tally_export_with_date_range" time="0.301" /><testcase classname="tests.test_sales_export.TestSalesExport" name="test_excel_export_requires_auth" time="0.331" /><testcase classname="tests.test_sales_export.TestSalesExport" name="test_tally_export_requires_auth" time="0.318" /><testcase classname="tests.test_sales_export.TestSalesExport" name="test_excel_export_card_payments" time="0.284" /><testcase classname="tests.test_sales_export.TestSalesExport" name="test_excel_export_bank_transfer_payments" time="0.288" /></testsuite></testsuites>