<?xml version="1.0" encoding="utf-8"?><testsuites name="pytest tests"><testsuite name="pytest" errors="0" failures="0" skipped="0" tests="10" time="5.226" timestamp="2026-02-20T05:41:00.768068+00:00" hostname="agent-env-76921ab6-9246-42d7-9aff-d9745803bdf9"><testcase classname="backend.tests.test_sales_delete.TestSalesDeleteEndpoint" name="test_delete_sale_endpoint_exists" time="0.485" /><testcase classname="backend.tests.test_sales_delete.TestSalesDeleteEndpoint" name="test_delete_existing_sale" time="0.570" /><testcase classname="backend.tests.test_sales_delete.TestSalesDeleteEndpoint" name="test_delete_sale_not_found" time="0.469" /><testcase classname="backend.tests.test_sales_delete.TestSalesDeleteEndpoint" name="test_delete_requires_authentication" time="0.570" /><testcase classname="backend.tests.test_sales_delete.TestSalesDeleteEndpoint" name="test_inventory_restoration_on_delete" time="0.574" /><testcase classname="backend.tests.test_sales_delete.TestSalesDeleteCleanup" name="test_gst_ledger_cleanup" time="0.444" /><testcase classname="backend.tests.test_sales_delete.TestSalesDeleteCleanup" name="test_stock_movements_cleanup" time="0.433" /><testcase classname="backend.tests.test_sales_delete.TestSalesDeleteBulk" name="test_multiple_deletes_sequential" time="0.531" /><testcase classname="backend.tests.test_sales_delete.TestSalesGetAndDelete" name="test_get_sale_by_id" time="0.588" /><testcase classname="backend.tests.test_sales_delete.TestSalesGetAndDelete" name="test_delete_and_verify_gone" time="0.502" /></testsuite></testsuites>