<?xml version="1.0" encoding="utf-8"?><testsuites name="pytest tests"><testsuite name="pytest" errors="0" failures="0" skipped="0" tests="13" time="8.711" timestamp="2026-02-09T15:53:19.584312+00:00" hostname="agent-env-f9259d47-37fd-4703-a283-8f60d81657b7"><testcase classname="backend.tests.test_security_dashboard_apis.TestSecurityDashboardAPIs" name="test_healer_status" time="0.380" /><testcase classname="backend.tests.test_security_dashboard_apis.TestSecurityDashboardAPIs" name="test_system_health" time="1.223" /><testcase classname="backend.tests.test_security_dashboard_apis.TestSecurityDashboardAPIs" name="test_security_scan" time="0.346" /><testcase classname="backend.tests.test_security_dashboard_apis.TestSecurityDashboardAPIs" name="test_file_integrity" time="0.041" /><testcase classname="backend.tests.test_security_dashboard_apis.TestSecurityDashboardAPIs" name="test_fix_database" time="0.388" /><testcase classname="backend.tests.test_security_dashboard_apis.TestSecurityDashboardAPIs" name="test_fix_memory" time="0.078" /><testcase classname="backend.tests.test_security_dashboard_apis.TestSecurityDashboardAPIs" name="test_fix_network" time="0.075" /><testcase classname="backend.tests.test_security_dashboard_apis.TestSecurityDashboardAPIs" name="test_fix_permission" time="0.391" /><testcase classname="backend.tests.test_security_dashboard_apis.TestSecurityDashboardAPIs" name="test_fix_unknown_type" time="4.330" /><testcase classname="backend.tests.test_security_dashboard_apis.TestSecurityDashboardAPIs" name="test_start_healer" time="0.056" /><testcase classname="backend.tests.test_security_dashboard_apis.TestSecurityDashboardAPIs" name="test_stop_healer" time="1.004" /><testcase classname="backend.tests.test_security_dashboard_apis.TestSecurityDashboardAPIs" name="test_status_after_stop" time="0.040" /><testcase classname="backend.tests.test_security_dashboard_apis.TestSecurityDashboardAPIs" name="test_unauthorized_access" time="0.282" /></testsuite></testsuites>