<?xml version="1.0" encoding="utf-8"?><testsuites name="pytest tests"><testsuite name="pytest" errors="0" failures="0" skipped="0" tests="24" time="6.670" timestamp="2026-02-20T01:38:04.872343+00:00" hostname="agent-env-76921ab6-9246-42d7-9aff-d9745803bdf9"><testcase classname="tests.test_self_healing_enterprise.TestHealthEndpoint" name="test_health_endpoint" time="1.786" /><testcase classname="tests.test_self_healing_enterprise.TestSelfHealingDashboard" name="test_dashboard_requires_auth" time="1.022" /><testcase classname="tests.test_self_healing_enterprise.TestSelfHealingDashboard" name="test_dashboard_returns_data" time="0.544" /><testcase classname="tests.test_self_healing_enterprise.TestSelfHealingHealth" name="test_health_requires_auth" time="0.124" /><testcase classname="tests.test_self_healing_enterprise.TestSelfHealingHealth" name="test_health_returns_status" time="0.166" /><testcase classname="tests.test_self_healing_enterprise.TestCriticalModules" name="test_critical_modules_requires_auth" time="0.166" /><testcase classname="tests.test_self_healing_enterprise.TestCriticalModules" name="test_critical_modules_returns_list" time="0.146" /><testcase classname="tests.test_self_healing_enterprise.TestDetectedErrors" name="test_errors_requires_auth" time="0.137" /><testcase classname="tests.test_self_healing_enterprise.TestDetectedErrors" name="test_errors_returns_list" time="0.165" /><testcase classname="tests.test_self_healing_enterprise.TestToggleAutoHeal" name="test_toggle_requires_auth" time="0.112" /><testcase classname="tests.test_self_healing_enterprise.TestToggleAutoHeal" name="test_toggle_auto_heal_enable" time="0.108" /><testcase classname="tests.test_self_healing_enterprise.TestToggleAutoHeal" name="test_toggle_auto_heal_disable" time="0.228" /><testcase classname="tests.test_self_healing_enterprise.TestRollbackStats" name="test_rollback_stats_requires_auth" time="0.143" /><testcase classname="tests.test_self_healing_enterprise.TestRollbackStats" name="test_rollback_stats_returns_data" time="0.127" /><testcase classname="tests.test_self_healing_enterprise.TestLearningStats" name="test_learning_stats_requires_auth" time="0.129" /><testcase classname="tests.test_self_healing_enterprise.TestLearningStats" name="test_learning_stats_returns_data" time="0.137" /><testcase classname="tests.test_self_healing_enterprise.TestHandleError" name="test_handle_error_requires_auth" time="0.374" /><testcase classname="tests.test_self_healing_enterprise.TestHandleError" name="test_handle_error_submits_error" time="0.125" /><testcase classname="tests.test_self_healing_enterprise.TestErrorPatterns" name="test_patterns_requires_auth" time="0.118" /><testcase classname="tests.test_self_healing_enterprise.TestErrorPatterns" name="test_patterns_returns_list" time="0.158" /><testcase classname="tests.test_self_healing_enterprise.TestSandboxResults" name="test_sandbox_results_requires_auth" time="0.115" /><testcase classname="tests.test_self_healing_enterprise.TestSandboxResults" name="test_sandbox_results_returns_data" time="0.141" /><testcase classname="tests.test_self_healing_enterprise.TestReliablePatterns" name="test_reliable_patterns_requires_auth" time="0.172" /><testcase classname="tests.test_self_healing_enterprise.TestReliablePatterns" name="test_reliable_patterns_returns_data" time="0.128" /></testsuite></testsuites>