<?xml version="1.0" encoding="utf-8"?><testsuites name="pytest tests"><testsuite name="pytest" errors="0" failures="0" skipped="0" tests="11" time="2.615" timestamp="2026-02-06T12:30:29.240338+00:00" hostname="agent-env-dec4ee93-82d7-4c7c-b3e1-1bae8ccedd05"><testcase classname="backend.tests.test_smart_scanner_restore.TestLogin" name="test_admin_login_success" time="0.318" /><testcase classname="backend.tests.test_smart_scanner_restore.TestLogin" name="test_superadmin_login_success" time="0.266" /><testcase classname="backend.tests.test_smart_scanner_restore.TestLogin" name="test_auth_me_endpoint" time="0.306" /><testcase classname="backend.tests.test_smart_scanner_restore.TestSmartScanner" name="test_smart_scanner_endpoint_exists" time="0.044" /><testcase classname="backend.tests.test_smart_scanner_restore.TestSmartScanner" name="test_smart_scanner_excel_endpoint_exists" time="0.040" /><testcase classname="backend.tests.test_smart_scanner_restore.TestSmartScanner" name="test_smart_scanner_with_test_image" time="1.033" /><testcase classname="backend.tests.test_smart_scanner_restore.TestSmartScanner" name="test_smart_scanner_import_endpoint" time="0.038" /><testcase classname="backend.tests.test_smart_scanner_restore.TestRestoreBackup" name="test_restore_backup_requires_superadmin" time="0.036" /><testcase classname="backend.tests.test_smart_scanner_restore.TestRestoreBackup" name="test_restore_backup_endpoint_exists" time="0.314" /><testcase classname="backend.tests.test_smart_scanner_restore.TestRestoreBackup" name="test_restore_protects_users_collection" time="0.125" /><testcase classname="backend.tests.test_smart_scanner_restore.TestSmartScannerSidebarLink" name="test_stores_endpoint" time="0.037" /></testsuite></testsuites>