<?xml version="1.0" encoding="utf-8"?><testsuites name="pytest tests"><testsuite name="pytest" errors="0" failures="0" skipped="0" tests="8" time="2.854" timestamp="2026-02-01T17:51:27.731737+00:00" hostname="agent-env-a7c8d9ec-cc41-4916-bb0e-82ba8c7ff485"><testcase classname="backend.tests.test_smart_scanner_import.TestSmartScannerAndUploadHistory" name="test_01_excel_upload_endpoint" time="0.427" /><testcase classname="backend.tests.test_smart_scanner_import.TestSmartScannerAndUploadHistory" name="test_02_smart_scanner_import_with_json_body" time="0.285" /><testcase classname="backend.tests.test_smart_scanner_import.TestSmartScannerAndUploadHistory" name="test_03_upload_history_list" time="0.293" /><testcase classname="backend.tests.test_smart_scanner_import.TestSmartScannerAndUploadHistory" name="test_04_upload_history_delete" time="0.343" /><testcase classname="backend.tests.test_smart_scanner_import.TestSmartScannerAndUploadHistory" name="test_05_import_empty_items_validation" time="0.334" /><testcase classname="backend.tests.test_smart_scanner_import.TestSmartScannerAndUploadHistory" name="test_06_verify_imported_items_in_database" time="0.341" /><testcase classname="backend.tests.test_smart_scanner_import.TestSmartScannerExcelFormats" name="test_csv_with_different_column_names" time="0.357" /><testcase classname="backend.tests.test_smart_scanner_import.TestSmartScannerExcelFormats" name="test_csv_with_empty_sku" time="0.357" /></testsuite></testsuites>