<?xml version="1.0" encoding="utf-8"?><testsuites name="pytest tests"><testsuite name="pytest" errors="0" failures="0" skipped="0" tests="12" time="11.925" timestamp="2026-02-01T16:39:56.306332+00:00" hostname="agent-env-08d58239-6a9b-43b5-8e0e-7be93fbce664"><testcase classname="backend.tests.test_smart_scanner.TestSmartScanner" name="test_smart_scanner_png_upload" time="3.390" /><testcase classname="backend.tests.test_smart_scanner.TestSmartScanner" name="test_smart_scanner_pdf_upload" time="3.921" /><testcase classname="backend.tests.test_smart_scanner.TestSmartScanner" name="test_smart_scanner_docx_upload" time="1.498" /><testcase classname="backend.tests.test_smart_scanner.TestSmartScanner" name="test_smart_scanner_excel_upload" time="0.601" /><testcase classname="backend.tests.test_smart_scanner.TestSalesAndReceipts" name="test_create_sale" time="0.342" /><testcase classname="backend.tests.test_smart_scanner.TestSalesAndReceipts" name="test_get_recent_sales" time="0.302" /><testcase classname="backend.tests.test_smart_scanner.TestPOSFeatures" name="test_pos_dependencies_items" time="0.305" /><testcase classname="backend.tests.test_smart_scanner.TestPOSFeatures" name="test_pos_dependencies_customers" time="0.303" /><testcase classname="backend.tests.test_smart_scanner.TestPOSFeatures" name="test_pos_dependencies_vouchers" time="0.300" /><testcase classname="backend.tests.test_smart_scanner.TestPOSFeatures" name="test_pos_dependencies_stores" time="0.306" /><testcase classname="backend.tests.test_smart_scanner.TestSettingsFeatures" name="test_categories_endpoint" time="0.302" /><testcase classname="backend.tests.test_smart_scanner.TestSettingsFeatures" name="test_brands_endpoint" time="0.301" /></testsuite></testsuites>