<?xml version="1.0" encoding="utf-8"?><testsuites name="pytest tests"><testsuite name="pytest" errors="0" failures="0" skipped="0" tests="17" time="2.432" timestamp="2026-02-02T16:34:26.056952+00:00" hostname="agent-env-12d32b81-bc4f-4e5c-82c9-be4e6ec22e62"><testcase classname="backend.tests.test_stock_audit_employment.TestStockAuditTrail" name="test_get_stock_audit_trail" time="0.352" /><testcase classname="backend.tests.test_stock_audit_employment.TestStockAuditTrail" name="test_get_stock_audit_trail_with_filters" time="0.039" /><testcase classname="backend.tests.test_stock_audit_employment.TestStockAuditTrail" name="test_get_stock_audit_trail_with_date_range" time="0.035" /><testcase classname="backend.tests.test_stock_audit_employment.TestStockAuditTrail" name="test_get_stock_audit_trail_summary" time="0.041" /><testcase classname="backend.tests.test_stock_audit_employment.TestStockAuditTrail" name="test_get_stock_audit_trail_summary_with_filters" time="0.072" /><testcase classname="backend.tests.test_stock_audit_employment.TestEmploymentApplications" name="test_list_employment_applications" time="0.351" /><testcase classname="backend.tests.test_stock_audit_employment.TestEmploymentApplications" name="test_create_employment_application" time="0.120" /><testcase classname="backend.tests.test_stock_audit_employment.TestEmploymentApplications" name="test_get_employment_application" time="0.040" /><testcase classname="backend.tests.test_stock_audit_employment.TestEmploymentApplications" name="test_update_application_status_to_under_review" time="0.079" /><testcase classname="backend.tests.test_stock_audit_employment.TestEmploymentApplications" name="test_update_application_status_to_approved" time="0.080" /><testcase classname="backend.tests.test_stock_audit_employment.TestEmploymentApplications" name="test_convert_application_to_employee" time="0.159" /><testcase classname="backend.tests.test_stock_audit_employment.TestEmploymentApplications" name="test_list_applications_with_status_filter" time="0.036" /><testcase classname="backend.tests.test_stock_audit_employment.TestEmploymentApplications" name="test_invalid_status_update" time="0.036" /><testcase classname="backend.tests.test_stock_audit_employment.TestEmploymentApplications" name="test_get_nonexistent_application" time="0.038" /><testcase classname="backend.tests.test_stock_audit_employment.TestStockMovementOnSale" name="test_sale_creates_stock_movement" time="0.479" /><testcase classname="backend.tests.test_stock_audit_employment.TestCleanup" name="test_cleanup_test_applications" time="0.328" /><testcase classname="backend.tests.test_stock_audit_employment.TestCleanup" name="test_cleanup_test_employees" time="0.075" /></testsuite></testsuites>