<?xml version="1.0" encoding="utf-8"?><testsuites name="pytest tests"><testsuite name="pytest" errors="0" failures="0" skipped="0" tests="21" time="4.666" timestamp="2026-02-05T20:13:26.825121+00:00" hostname="agent-env-ef4ebbeb-fb19-4b5e-b295-2294c0c676e7"><testcase classname="backend.tests.test_subscription_system.TestBillingPlans" name="test_billing_plans_returns_plans" time="0.092" /><testcase classname="backend.tests.test_subscription_system.TestBillingPlans" name="test_billing_plans_has_expected_plans" time="0.039" /><testcase classname="backend.tests.test_subscription_system.TestBillingPlans" name="test_billing_plans_source_is_master_plans" time="0.041" /><testcase classname="backend.tests.test_subscription_system.TestBillingSubscription" name="test_subscription_requires_auth" time="0.037" /><testcase classname="backend.tests.test_subscription_system.TestBillingSubscription" name="test_subscription_returns_data_for_admin" time="0.338" /><testcase classname="backend.tests.test_subscription_system.TestBillingUsage" name="test_usage_requires_auth" time="0.077" /><testcase classname="backend.tests.test_subscription_system.TestBillingUsage" name="test_usage_returns_data_for_admin" time="0.307" /><testcase classname="backend.tests.test_subscription_system.TestMasterPlansGet" name="test_master_plans_requires_superadmin" time="0.340" /><testcase classname="backend.tests.test_subscription_system.TestMasterPlansGet" name="test_master_plans_returns_plans_for_superadmin" time="0.301" /><testcase classname="backend.tests.test_subscription_system.TestMasterPlansGet" name="test_master_plans_include_inactive" time="0.334" /><testcase classname="backend.tests.test_subscription_system.TestMasterPlansCreate" name="test_create_plan_requires_superadmin" time="0.336" /><testcase classname="backend.tests.test_subscription_system.TestMasterPlansCreate" name="test_create_plan_validates_required_fields" time="0.345" /><testcase classname="backend.tests.test_subscription_system.TestMasterPlansUpdate" name="test_update_plan_requires_superadmin" time="0.039" /><testcase classname="backend.tests.test_subscription_system.TestMasterPlansUpdate" name="test_update_nonexistent_plan_returns_404" time="0.298" /><testcase classname="backend.tests.test_subscription_system.TestSubscriptionAnalytics" name="test_analytics_requires_superadmin" time="0.336" /><testcase classname="backend.tests.test_subscription_system.TestSubscriptionAnalytics" name="test_analytics_returns_data_for_superadmin" time="0.302" /><testcase classname="backend.tests.test_subscription_system.TestSubscriptionAnalytics" name="test_analytics_has_plan_distribution" time="0.302" /><testcase classname="backend.tests.test_subscription_system.TestRevenueTrends" name="test_revenue_trends_requires_superadmin" time="0.042" /><testcase classname="backend.tests.test_subscription_system.TestRevenueTrends" name="test_revenue_trends_returns_data" time="0.303" /><testcase classname="backend.tests.test_subscription_system.TestBillingIntegration" name="test_billing_plans_match_master_plans" time="0.336" /><testcase classname="backend.tests.test_subscription_system.TestPlanPricing" name="test_expected_plan_prices" time="0.036" /></testsuite></testsuites>