<?xml version="1.0" encoding="utf-8"?><testsuites name="pytest tests"><testsuite name="pytest" errors="0" failures="0" skipped="0" tests="18" time="6.423" timestamp="2026-02-05T14:42:15.593858+00:00" hostname="agent-env-67e3dd5d-19cd-418c-8c61-037ec9731dd0"><testcase classname="backend.tests.test_superadmin.TestSuperAdminAuthentication" name="test_superadmin_login_success" time="0.300" /><testcase classname="backend.tests.test_superadmin.TestSuperAdminAuthentication" name="test_superadmin_login_invalid_password" time="0.263" /><testcase classname="backend.tests.test_superadmin.TestSuperAdminAuthentication" name="test_regular_admin_login_success" time="0.266" /><testcase classname="backend.tests.test_superadmin.TestSuperAdminDashboard" name="test_dashboard_loads_with_global_stats" time="0.311" /><testcase classname="backend.tests.test_superadmin.TestAdminManagement" name="test_list_admins" time="0.393" /><testcase classname="backend.tests.test_superadmin.TestAdminManagement" name="test_create_admin" time="0.550" /><testcase classname="backend.tests.test_superadmin.TestAdminManagement" name="test_get_admin_details" time="0.356" /><testcase classname="backend.tests.test_superadmin.TestAdminManagement" name="test_toggle_admin_status" time="0.650" /><testcase classname="backend.tests.test_superadmin.TestImpersonation" name="test_impersonate_admin" time="0.380" /><testcase classname="backend.tests.test_superadmin.TestMarketAnalytics" name="test_market_analytics_month" time="0.309" /><testcase classname="backend.tests.test_superadmin.TestMarketAnalytics" name="test_market_analytics_periods" time="0.440" /><testcase classname="backend.tests.test_superadmin.TestAuditLog" name="test_audit_log" time="0.305" /><testcase classname="backend.tests.test_superadmin.TestRBACEnforcement" name="test_admin_cannot_access_superadmin_dashboard" time="0.303" /><testcase classname="backend.tests.test_superadmin.TestRBACEnforcement" name="test_admin_cannot_list_admins" time="0.316" /><testcase classname="backend.tests.test_superadmin.TestRBACEnforcement" name="test_admin_cannot_access_market_analytics" time="0.295" /><testcase classname="backend.tests.test_superadmin.TestRBACEnforcement" name="test_admin_cannot_access_audit_log" time="0.317" /><testcase classname="backend.tests.test_superadmin.TestRBACEnforcement" name="test_admin_cannot_create_admin" time="0.300" /><testcase classname="backend.tests.test_superadmin.TestRBACEnforcement" name="test_admin_cannot_impersonate" time="0.289" /></testsuite></testsuites>