<?xml version="1.0" encoding="utf-8"?><testsuites name="pytest tests"><testsuite name="pytest" errors="0" failures="0" skipped="0" tests="14" time="1.031" timestamp="2026-02-05T15:35:24.577311+00:00" hostname="agent-env-67e3dd5d-19cd-418c-8c61-037ec9731dd0"><testcase classname="backend.tests.test_superadmin_upgrades.TestSuperAdminUpgradesFeature" name="test_admins_needing_upgrades_requires_auth" time="0.061" /><testcase classname="backend.tests.test_superadmin_upgrades.TestSuperAdminUpgradesFeature" name="test_admins_needing_upgrades_requires_superadmin" time="0.307" /><testcase classname="backend.tests.test_superadmin_upgrades.TestSuperAdminUpgradesFeature" name="test_admins_needing_upgrades_returns_200" time="0.316" /><testcase classname="backend.tests.test_superadmin_upgrades.TestSuperAdminUpgradesFeature" name="test_response_has_summary_structure" time="0.025" /><testcase classname="backend.tests.test_superadmin_upgrades.TestSuperAdminUpgradesFeature" name="test_response_has_admins_list" time="0.023" /><testcase classname="backend.tests.test_superadmin_upgrades.TestSuperAdminUpgradesFeature" name="test_admin_entry_structure" time="0.022" /><testcase classname="backend.tests.test_superadmin_upgrades.TestSuperAdminUpgradesFeature" name="test_usage_alert_structure" time="0.021" /><testcase classname="backend.tests.test_superadmin_upgrades.TestSuperAdminUpgradesFeature" name="test_summary_counts_match_admin_list" time="0.024" /><testcase classname="backend.tests.test_superadmin_upgrades.TestSuperAdminUpgradesFeature" name="test_potential_revenue_is_non_negative" time="0.022" /><testcase classname="backend.tests.test_superadmin_upgrades.TestSuperAdminUpgradesFeature" name="test_change_plan_requires_superadmin" time="0.013" /><testcase classname="backend.tests.test_superadmin_upgrades.TestSuperAdminUpgradesFeature" name="test_change_plan_validates_plan_id" time="0.065" /><testcase classname="backend.tests.test_superadmin_upgrades.TestSuperAdminUpgradesFeature" name="test_change_plan_returns_404_for_unknown_admin" time="0.012" /><testcase classname="backend.tests.test_superadmin_upgrades.TestSuperAdminUpgradesFeature" name="test_superadmin_dashboard_accessible" time="0.020" /><testcase classname="backend.tests.test_superadmin_upgrades.TestSuperAdminUpgradesFeature" name="test_billing_plans_endpoint" time="0.051" /></testsuite></testsuites>