<?xml version="1.0" encoding="utf-8"?><testsuites name="pytest tests"><testsuite name="pytest" errors="0" failures="0" skipped="0" tests="10" time="3.444" timestamp="2026-02-05T16:07:23.850918+00:00" hostname="agent-env-67e3dd5d-19cd-418c-8c61-037ec9731dd0"><testcase classname="backend.tests.test_superadmin_profile.TestSuperAdminProfile" name="test_get_profile_returns_current_profile" time="0.320" /><testcase classname="backend.tests.test_superadmin_profile.TestSuperAdminProfile" name="test_get_profile_requires_superadmin_auth" time="0.306" /><testcase classname="backend.tests.test_superadmin_profile.TestSuperAdminProfile" name="test_get_profile_excludes_password" time="0.321" /><testcase classname="backend.tests.test_superadmin_profile.TestSuperAdminProfile" name="test_update_profile_can_update_name" time="0.300" /><testcase classname="backend.tests.test_superadmin_profile.TestSuperAdminProfile" name="test_update_profile_rejects_duplicate_email" time="0.288" /><testcase classname="backend.tests.test_superadmin_profile.TestSuperAdminProfile" name="test_update_profile_requires_current_password_for_password_change" time="0.276" /><testcase classname="backend.tests.test_superadmin_profile.TestSuperAdminProfile" name="test_update_profile_rejects_wrong_current_password" time="0.534" /><testcase classname="backend.tests.test_superadmin_profile.TestSuperAdminProfile" name="test_update_profile_rejects_short_password" time="0.495" /><testcase classname="backend.tests.test_superadmin_profile.TestSuperAdminProfile" name="test_update_profile_no_changes_returns_error" time="0.272" /><testcase classname="backend.tests.test_superadmin_profile.TestSuperAdminProfileAccessControl" name="test_regular_admin_cannot_access_superadmin_profile" time="0.272" /></testsuite></testsuites>