<?xml version="1.0" encoding="utf-8"?><testsuites name="pytest tests"><testsuite name="pytest" errors="0" failures="0" skipped="0" tests="15" time="9.080" timestamp="2026-02-13T16:58:43.237591+00:00" hostname="agent-env-02348134-1490-40ab-b9fd-babaafe92782"><testcase classname="backend.tests.test_task_management.TestTaskManagementAPI" name="test_get_task_statistics" time="1.102" /><testcase classname="backend.tests.test_task_management.TestTaskManagementAPI" name="test_get_department_stats" time="0.441" /><testcase classname="backend.tests.test_task_management.TestTaskManagementAPI" name="test_list_tasks" time="0.782" /><testcase classname="backend.tests.test_task_management.TestTaskManagementAPI" name="test_create_task" time="0.567" /><testcase classname="backend.tests.test_task_management.TestTaskManagementAPI" name="test_get_single_task" time="0.591" /><testcase classname="backend.tests.test_task_management.TestTaskManagementAPI" name="test_update_task" time="0.597" /><testcase classname="backend.tests.test_task_management.TestTaskManagementAPI" name="test_task_version_history" time="0.801" /><testcase classname="backend.tests.test_task_management.TestTaskManagementAPI" name="test_delete_task" time="0.577" /><testcase classname="backend.tests.test_task_management.TestTaskManagementAPI" name="test_filter_tasks_by_department" time="0.503" /><testcase classname="backend.tests.test_task_management.TestTaskManagementAPI" name="test_filter_tasks_by_status" time="0.658" /><testcase classname="backend.tests.test_task_management.TestTaskManagementAPI" name="test_filter_tasks_by_priority" time="0.439" /><testcase classname="backend.tests.test_task_management.TestTaskManagementAPI" name="test_search_tasks" time="0.497" /><testcase classname="backend.tests.test_task_management.TestTaskManagementAPI" name="test_task_not_found" time="0.417" /><testcase classname="backend.tests.test_task_management.TestTaskManagementAPI" name="test_task_id_auto_generation" time="0.487" /><testcase classname="backend.tests.test_task_management.TestEmployeesDropdown" name="test_employees_list_available" time="0.514" /></testsuite></testsuites>