<?xml version="1.0" encoding="utf-8"?><testsuites name="pytest tests"><testsuite name="pytest" errors="0" failures="0" skipped="0" tests="32" time="10.151" timestamp="2026-02-05T20:40:07.497684+00:00" hostname="agent-env-ef4ebbeb-fb19-4b5e-b295-2294c0c676e7"><testcase classname="backend.tests.test_training_system.TestTrainingSystemAuth" name="test_training_sessions_requires_auth" time="0.102" /><testcase classname="backend.tests.test_training_system.TestTrainingSystemAuth" name="test_superadmin_can_access_training" time="0.274" /><testcase classname="backend.tests.test_training_system.TestTrainingSessionsCRUD" name="test_list_training_sessions" time="0.323" /><testcase classname="backend.tests.test_training_system.TestTrainingSessionsCRUD" name="test_create_training_session" time="0.269" /><testcase classname="backend.tests.test_training_system.TestTrainingSessionsCRUD" name="test_create_onboarding_session" time="0.275" /><testcase classname="backend.tests.test_training_system.TestTrainingSessionsCRUD" name="test_create_live_support_session" time="0.268" /><testcase classname="backend.tests.test_training_system.TestTrainingSessionsCRUD" name="test_create_webinar_session" time="0.315" /><testcase classname="backend.tests.test_training_system.TestTrainingSessionsCRUD" name="test_get_session_details" time="0.280" /><testcase classname="backend.tests.test_training_system.TestTrainingSessionsCRUD" name="test_get_nonexistent_session" time="0.270" /><testcase classname="backend.tests.test_training_system.TestTrainingSessionsCRUD" name="test_filter_sessions_by_status" time="0.269" /><testcase classname="backend.tests.test_training_system.TestTrainingSessionsCRUD" name="test_filter_sessions_by_type" time="0.270" /><testcase classname="backend.tests.test_training_system.TestSessionLifecycle" name="test_start_session" time="0.337" /><testcase classname="backend.tests.test_training_system.TestSessionLifecycle" name="test_join_live_session" time="0.355" /><testcase classname="backend.tests.test_training_system.TestSessionLifecycle" name="test_cannot_join_scheduled_session" time="0.281" /><testcase classname="backend.tests.test_training_system.TestSessionLifecycle" name="test_leave_session" time="0.428" /><testcase classname="backend.tests.test_training_system.TestSessionLifecycle" name="test_end_session" time="0.386" /><testcase classname="backend.tests.test_training_system.TestSessionLifecycle" name="test_cancel_session" time="0.297" /><testcase classname="backend.tests.test_training_system.TestSessionLifecycle" name="test_cannot_cancel_live_session" time="0.309" /><testcase classname="backend.tests.test_training_system.TestChatFunctionality" name="test_send_chat_message" time="0.335" /><testcase classname="backend.tests.test_training_system.TestChatFunctionality" name="test_get_chat_messages" time="0.517" /><testcase classname="backend.tests.test_training_system.TestChatFunctionality" name="test_cannot_chat_in_scheduled_session" time="0.283" /><testcase classname="backend.tests.test_training_system.TestAttendance" name="test_get_attendance" time="0.381" /><testcase classname="backend.tests.test_training_system.TestAttendance" name="test_attendance_includes_no_shows" time="0.322" /><testcase classname="backend.tests.test_training_system.TestBreakoutRooms" name="test_create_breakout_room" time="0.361" /><testcase classname="backend.tests.test_training_system.TestBreakoutRooms" name="test_cannot_create_breakout_when_disabled" time="0.289" /><testcase classname="backend.tests.test_training_system.TestRecordings" name="test_get_recordings" time="0.267" /><testcase classname="backend.tests.test_training_system.TestTrainingAnalytics" name="test_get_training_analytics" time="0.270" /><testcase classname="backend.tests.test_training_system.TestValidation" name="test_session_title_required" time="0.312" /><testcase classname="backend.tests.test_training_system.TestValidation" name="test_session_title_min_length" time="0.267" /><testcase classname="backend.tests.test_training_system.TestValidation" name="test_duration_limits" time="0.270" /><testcase classname="backend.tests.test_training_system.TestValidation" name="test_max_participants_limits" time="0.271" /><testcase classname="backend.tests.test_training_system.TestCleanup" name="test_cleanup_test_sessions" time="0.589" /></testsuite></testsuites>