<?xml version="1.0" encoding="utf-8"?><testsuites name="pytest tests"><testsuite name="pytest" errors="0" failures="0" skipped="0" tests="14" time="3.742" timestamp="2026-02-13T15:24:06.562912+00:00" hostname="agent-env-8926cd28-96ee-4561-96da-e9d7a04705d8"><testcase classname="backend.tests.test_universal_error_fixer.TestUniversalErrorFixerDashboard" name="test_dashboard_returns_correct_structure" time="0.614" /><testcase classname="backend.tests.test_universal_error_fixer.TestUniversalErrorFixerDashboard" name="test_dashboard_error_categories_present" time="0.115" /><testcase classname="backend.tests.test_universal_error_fixer.TestUniversalErrorFixerDashboard" name="test_dashboard_error_sources_present" time="0.114" /><testcase classname="backend.tests.test_universal_error_fixer.TestUniversalErrorFixerScan" name="test_scan_runs_successfully" time="0.189" /><testcase classname="backend.tests.test_universal_error_fixer.TestUniversalErrorFixerScan" name="test_scan_returns_fix_details" time="0.141" /><testcase classname="backend.tests.test_universal_error_fixer.TestUniversalErrorFixerMonitoring" name="test_start_monitoring_succeeds" time="0.132" /><testcase classname="backend.tests.test_universal_error_fixer.TestUniversalErrorFixerMonitoring" name="test_stop_monitoring_succeeds" time="0.131" /><testcase classname="backend.tests.test_universal_error_fixer.TestUniversalErrorFixerMonitoring" name="test_toggle_monitoring_updates_status" time="0.869" /><testcase classname="backend.tests.test_universal_error_fixer.TestUniversalErrorFixerClear" name="test_clear_errors_succeeds" time="0.222" /><testcase classname="backend.tests.test_universal_error_fixer.TestUniversalErrorFixerClear" name="test_clear_resets_stats" time="0.240" /><testcase classname="backend.tests.test_universal_error_fixer.TestUniversalErrorFixerStats" name="test_stats_endpoint_returns_data" time="0.133" /><testcase classname="backend.tests.test_universal_error_fixer.TestUniversalErrorFixerAuth" name="test_dashboard_requires_auth" time="0.342" /><testcase classname="backend.tests.test_universal_error_fixer.TestUniversalErrorFixerAuth" name="test_scan_requires_auth" time="0.131" /><testcase classname="backend.tests.test_universal_error_fixer.TestUniversalErrorFixerAuth" name="test_monitoring_requires_auth" time="0.307" /></testsuite></testsuites>