<?xml version="1.0" encoding="utf-8"?><testsuites name="pytest tests"><testsuite name="pytest" errors="0" failures="0" skipped="0" tests="16" time="4.327" timestamp="2026-02-01T19:44:37.638418+00:00" hostname="agent-env-85b4f047-6634-4a4e-9bea-a8a083902c1a"><testcase classname="backend.tests.test_user_management.TestUserManagementAuth" name="test_login_success" time="0.312" /><testcase classname="backend.tests.test_user_management.TestUserManagementEndpoints" name="test_list_users" time="0.299" /><testcase classname="backend.tests.test_user_management.TestUserManagementEndpoints" name="test_get_permission_modules" time="0.042" /><testcase classname="backend.tests.test_user_management.TestUserManagementEndpoints" name="test_create_user" time="0.273" /><testcase classname="backend.tests.test_user_management.TestUserManagementEndpoints" name="test_create_user_duplicate_email" time="0.042" /><testcase classname="backend.tests.test_user_management.TestUserManagementEndpoints" name="test_get_single_user" time="0.076" /><testcase classname="backend.tests.test_user_management.TestUserManagementEndpoints" name="test_update_user" time="0.339" /><testcase classname="backend.tests.test_user_management.TestUserManagementEndpoints" name="test_deactivate_user" time="0.386" /><testcase classname="backend.tests.test_user_management.TestUserManagementEndpoints" name="test_reactivate_user" time="0.337" /><testcase classname="backend.tests.test_user_management.TestUserManagementEndpoints" name="test_update_user_permissions" time="0.344" /><testcase classname="backend.tests.test_user_management.TestAuditTrail" name="test_get_user_audit_trail" time="0.339" /><testcase classname="backend.tests.test_user_management.TestAuditTrail" name="test_get_full_audit_trail" time="0.039" /><testcase classname="backend.tests.test_user_management.TestAuditTrail" name="test_audit_trail_filter_by_entity_type" time="0.042" /><testcase classname="backend.tests.test_user_management.TestAuditTrail" name="test_audit_trail_filter_by_action" time="0.038" /><testcase classname="backend.tests.test_user_management.TestAuditTrail" name="test_audit_created_on_user_create" time="0.300" /><testcase classname="backend.tests.test_user_management.TestStoresEndpoint" name="test_list_stores" time="0.978" /></testsuite></testsuites>