<?xml version="1.0" encoding="utf-8"?><testsuites name="pytest tests"><testsuite name="pytest" errors="0" failures="0" skipped="0" tests="19" time="1.049" timestamp="2026-02-09T20:09:22.816250+00:00" hostname="agent-env-26be6d4b-9609-4ca7-bdd3-bc3c755ab16d"><testcase classname="backend.tests.test_virtual_tryon_size_prediction.TestBodyMeasurementsAPI" name="test_get_body_measurements" time="0.359" /><testcase classname="backend.tests.test_virtual_tryon_size_prediction.TestBodyMeasurementsAPI" name="test_create_manual_body_measurement" time="0.014" /><testcase classname="backend.tests.test_virtual_tryon_size_prediction.TestBodyMeasurementsAPI" name="test_create_ai_detected_measurement" time="0.030" /><testcase classname="backend.tests.test_virtual_tryon_size_prediction.TestBodyMeasurementsAPI" name="test_verify_measurements_persist" time="0.014" /><testcase classname="backend.tests.test_virtual_tryon_size_prediction.TestSizeRecommendation" name="test_size_recommendation_calculation" time="0.013" /><testcase classname="backend.tests.test_virtual_tryon_size_prediction.TestAISizePredictionAPI" name="test_get_size_prediction_for_customer" time="0.060" /><testcase classname="backend.tests.test_virtual_tryon_size_prediction.TestAISizePredictionAPI" name="test_size_prediction_with_category" time="0.014" /><testcase classname="backend.tests.test_virtual_tryon_size_prediction.TestAISizePredictionAPI" name="test_size_prediction_invalid_customer" time="0.014" /><testcase classname="backend.tests.test_virtual_tryon_size_prediction.TestAISizePredictionAPI" name="test_size_prediction_analytics" time="0.016" /><testcase classname="backend.tests.test_virtual_tryon_size_prediction.TestInventoryAlertSettings" name="test_get_inventory_alert_settings" time="0.056" /><testcase classname="backend.tests.test_virtual_tryon_size_prediction.TestInventoryAlertSettings" name="test_update_inventory_alert_settings" time="0.026" /><testcase classname="backend.tests.test_virtual_tryon_size_prediction.TestInventoryAlertSettings" name="test_update_alert_channels" time="0.053" /><testcase classname="backend.tests.test_virtual_tryon_size_prediction.TestInventoryAlerts" name="test_get_inventory_alerts" time="0.012" /><testcase classname="backend.tests.test_virtual_tryon_size_prediction.TestInventoryAlerts" name="test_check_and_create_alerts" time="0.054" /><testcase classname="backend.tests.test_virtual_tryon_size_prediction.TestInventoryAlerts" name="test_get_alerts_with_status_filter" time="0.057" /><testcase classname="backend.tests.test_virtual_tryon_size_prediction.TestVirtualTryOnSimulation" name="test_get_clothing_items" time="0.011" /><testcase classname="backend.tests.test_virtual_tryon_size_prediction.TestVirtualTryOnSimulation" name="test_virtual_tryon_simulate" time="0.064" /><testcase classname="backend.tests.test_virtual_tryon_size_prediction.TestBulkSizePrediction" name="test_bulk_size_prediction" time="0.014" /><testcase classname="backend.tests.test_virtual_tryon_size_prediction.TestCleanup" name="test_cleanup_test_measurements" time="0.078" /></testsuite></testsuites>