<?xml version="1.0" encoding="utf-8"?><testsuites name="pytest tests"><testsuite name="pytest" errors="0" failures="0" skipped="0" tests="8" time="2.686" timestamp="2026-02-07T19:31:36.738483+00:00" hostname="agent-env-02b9bf12-64e5-4092-962c-13a4b607bad7"><testcase classname="backend.tests.test_voucher_validation.TestVoucherValidation" name="test_validate_voucher_test10off_no_minimum" time="0.337" /><testcase classname="backend.tests.test_voucher_validation.TestVoucherValidation" name="test_validate_voucher_min500_with_sufficient_amount" time="0.320" /><testcase classname="backend.tests.test_voucher_validation.TestVoucherValidation" name="test_validate_voucher_min500_with_insufficient_amount" time="0.347" /><testcase classname="backend.tests.test_voucher_validation.TestVoucherValidation" name="test_validate_invalid_voucher_code" time="0.332" /><testcase classname="backend.tests.test_voucher_validation.TestVoucherValidation" name="test_list_available_vouchers" time="0.315" /><testcase classname="backend.tests.test_voucher_validation.TestVoucherValidation" name="test_voucher_code_case_insensitivity" time="0.372" /><testcase classname="backend.tests.test_voucher_validation.TestVoucherCreation" name="test_create_test10off_voucher_if_not_exists" time="0.309" /><testcase classname="backend.tests.test_voucher_validation.TestVoucherCreation" name="test_create_min500_voucher_if_not_exists" time="0.299" /></testsuite></testsuites>